{"D:\\hack\\freelancers-hackathon\\backend\\full-test.js": {"path":"D:\\hack\\freelancers-hackathon\\backend\\full-test.js","statementMap":{"0":{"start":{"line":1,"column":14},"end":{"line":1,"column":30}},"1":{"start":{"line":3,"column":17},"end":{"line":3,"column":44}},"2":{"start":{"line":6,"column":2},"end":{"line":84,"column":3}},"3":{"start":{"line":8,"column":4},"end":{"line":8,"column":41}},"4":{"start":{"line":9,"column":21},"end":{"line":20,"column":6}},"5":{"start":{"line":14,"column":6},"end":{"line":14,"column":52}},"6":{"start":{"line":15,"column":6},"end":{"line":19,"column":9}},"7":{"start":{"line":22,"column":18},"end":{"line":22,"column":37}},"8":{"start":{"line":23,"column":4},"end":{"line":23,"column":75}},"9":{"start":{"line":26,"column":4},"end":{"line":26,"column":59}},"10":{"start":{"line":27,"column":20},"end":{"line":50,"column":68}},"11":{"start":{"line":52,"column":25},"end":{"line":62,"column":5}},"12":{"start":{"line":64,"column":4},"end":{"line":64,"column":32}},"13":{"start":{"line":65,"column":4},"end":{"line":65,"column":66}},"14":{"start":{"line":66,"column":4},"end":{"line":66,"column":70}},"15":{"start":{"line":67,"column":4},"end":{"line":67,"column":75}},"16":{"start":{"line":68,"column":4},"end":{"line":68,"column":36}},"17":{"start":{"line":69,"column":4},"end":{"line":71,"column":7}},"18":{"start":{"line":70,"column":6},"end":{"line":70,"column":102}},"19":{"start":{"line":73,"column":4},"end":{"line":73,"column":74}},"20":{"start":{"line":74,"column":4},"end":{"line":74,"column":16}},"21":{"start":{"line":77,"column":4},"end":{"line":77,"column":47}},"22":{"start":{"line":78,"column":4},"end":{"line":81,"column":5}},"23":{"start":{"line":79,"column":6},"end":{"line":79,"column":52}},"24":{"start":{"line":80,"column":6},"end":{"line":80,"column":52}},"25":{"start":{"line":82,"column":4},"end":{"line":82,"column":40}},"26":{"start":{"line":83,"column":4},"end":{"line":83,"column":17}},"27":{"start":{"line":87,"column":0},"end":{"line":87,"column":11}}},"fnMap":{"0":{"name":"fullTest","decl":{"start":{"line":5,"column":15},"end":{"line":5,"column":23}},"loc":{"start":{"line":5,"column":26},"end":{"line":85,"column":1}},"line":5},"1":{"name":"(anonymous_1)","decl":{"start":{"line":12,"column":13},"end":{"line":12,"column":14}},"loc":{"start":{"line":12,"column":25},"end":{"line":20,"column":5}},"line":12},"2":{"name":"(anonymous_2)","decl":{"start":{"line":69,"column":57},"end":{"line":69,"column":58}},"loc":{"start":{"line":69,"column":70},"end":{"line":71,"column":5}},"line":69}},"branchMap":{"0":{"loc":{"start":{"line":70,"column":72},"end":{"line":70,"column":98}},"type":"binary-expr","locations":[{"start":{"line":70,"column":72},"end":{"line":70,"column":82}},{"start":{"line":70,"column":86},"end":{"line":70,"column":98}}],"line":70},"1":{"loc":{"start":{"line":78,"column":4},"end":{"line":81,"column":5}},"type":"if","locations":[{"start":{"line":78,"column":4},"end":{"line":81,"column":5}},{"start":{},"end":{}}],"line":78}},"s":{"0":0,"1":0,"2":0,"3":0,"4":0,"5":0,"6":0,"7":0,"8":0,"9":0,"10":0,"11":0,"12":0,"13":0,"14":0,"15":0,"16":0,"17":0,"18":0,"19":0,"20":0,"21":0,"22":0,"23":0,"24":0,"25":0,"26":0,"27":0},"f":{"0":0,"1":0,"2":0},"b":{"0":[0,0],"1":[0,0]}}
,"D:\\hack\\freelancers-hackathon\\backend\\test-gemini.js": {"path":"D:\\hack\\freelancers-hackathon\\backend\\test-gemini.js","statementMap":{"0":{"start":{"line":1,"column":0},"end":{"line":1,"column":27}},"1":{"start":{"line":2,"column":31},"end":{"line":2,"column":63}},"2":{"start":{"line":4,"column":0},"end":{"line":4,"column":68}},"3":{"start":{"line":5,"column":0},"end":{"line":5,"column":82}},"4":{"start":{"line":7,"column":14},"end":{"line":7,"column":64}},"5":{"start":{"line":9,"column":0},"end":{"line":9,"column":50}},"6":{"start":{"line":12,"column":2},"end":{"line":21,"column":3}},"7":{"start":{"line":13,"column":4},"end":{"line":13,"column":49}},"8":{"start":{"line":14,"column":19},"end":{"line":14,"column":43}},"9":{"start":{"line":15,"column":4},"end":{"line":15,"column":37}},"10":{"start":{"line":16,"column":4},"end":{"line":18,"column":5}},"11":{"start":{"line":17,"column":6},"end":{"line":17,"column":36}},"12":{"start":{"line":20,"column":4},"end":{"line":20,"column":56}},"13":{"start":{"line":25,"column":2},"end":{"line":51,"column":3}},"14":{"start":{"line":26,"column":4},"end":{"line":26,"column":52}},"15":{"start":{"line":27,"column":18},"end":{"line":27,"column":71}},"16":{"start":{"line":28,"column":19},"end":{"line":28,"column":71}},"17":{"start":{"line":29,"column":21},"end":{"line":29,"column":42}},"18":{"start":{"line":30,"column":17},"end":{"line":30,"column":32}},"19":{"start":{"line":32,"column":4},"end":{"line":32,"column":28}},"20":{"start":{"line":33,"column":4},"end":{"line":33,"column":35}},"21":{"start":{"line":34,"column":4},"end":{"line":34,"column":16}},"22":{"start":{"line":36,"column":4},"end":{"line":36,"column":62}},"23":{"start":{"line":38,"column":4},"end":{"line":50,"column":5}},"24":{"start":{"line":39,"column":6},"end":{"line":39,"column":48}},"25":{"start":{"line":40,"column":20},"end":{"line":40,"column":73}},"26":{"start":{"line":41,"column":21},"end":{"line":41,"column":73}},"27":{"start":{"line":42,"column":23},"end":{"line":42,"column":44}},"28":{"start":{"line":43,"column":19},"end":{"line":43,"column":34}},"29":{"start":{"line":45,"column":6},"end":{"line":45,"column":50}},"30":{"start":{"line":46,"column":6},"end":{"line":46,"column":37}},"31":{"start":{"line":47,"column":6},"end":{"line":47,"column":18}},"32":{"start":{"line":49,"column":6},"end":{"line":49,"column":65}},"33":{"start":{"line":52,"column":2},"end":{"line":52,"column":15}},"34":{"start":{"line":56,"column":2},"end":{"line":56,"column":21}},"35":{"start":{"line":57,"column":2},"end":{"line":57,"column":18}},"36":{"start":{"line":60,"column":0},"end":{"line":60,"column":6}}},"fnMap":{"0":{"name":"listModels","decl":{"start":{"line":11,"column":15},"end":{"line":11,"column":25}},"loc":{"start":{"line":11,"column":28},"end":{"line":22,"column":1}},"line":11},"1":{"name":"testAPI","decl":{"start":{"line":24,"column":15},"end":{"line":24,"column":22}},"loc":{"start":{"line":24,"column":25},"end":{"line":53,"column":1}},"line":24},"2":{"name":"run","decl":{"start":{"line":55,"column":15},"end":{"line":55,"column":18}},"loc":{"start":{"line":55,"column":21},"end":{"line":58,"column":1}},"line":55}},"branchMap":{},"s":{"0":0,"1":0,"2":0,"3":0,"4":0,"5":0,"6":0,"7":0,"8":0,"9":0,"10":0,"11":0,"12":0,"13":0,"14":0,"15":0,"16":0,"17":0,"18":0,"19":0,"20":0,"21":0,"22":0,"23":0,"24":0,"25":0,"26":0,"27":0,"28":0,"29":0,"30":0,"31":0,"32":0,"33":0,"34":0,"35":0,"36":0},"f":{"0":0,"1":0,"2":0},"b":{}}
,"D:\\hack\\freelancers-hackathon\\backend\\config\\db.js": {"path":"D:\\hack\\freelancers-hackathon\\backend\\config\\db.js","statementMap":{"0":{"start":{"line":1,"column":17},"end":{"line":1,"column":36}},"1":{"start":{"line":3,"column":18},"end":{"line":15,"column":1}},"2":{"start":{"line":4,"column":2},"end":{"line":14,"column":3}},"3":{"start":{"line":5,"column":4},"end":{"line":7,"column":5}},"4":{"start":{"line":6,"column":6},"end":{"line":6,"column":147}},"5":{"start":{"line":9,"column":17},"end":{"line":9,"column":62}},"6":{"start":{"line":10,"column":4},"end":{"line":10,"column":62}},"7":{"start":{"line":12,"column":4},"end":{"line":12,"column":60}},"8":{"start":{"line":13,"column":4},"end":{"line":13,"column":20}},"9":{"start":{"line":17,"column":0},"end":{"line":17,"column":27}}},"fnMap":{"0":{"name":"(anonymous_0)","decl":{"start":{"line":3,"column":18},"end":{"line":3,"column":19}},"loc":{"start":{"line":3,"column":30},"end":{"line":15,"column":1}},"line":3}},"branchMap":{"0":{"loc":{"start":{"line":5,"column":4},"end":{"line":7,"column":5}},"type":"if","locations":[{"start":{"line":5,"column":4},"end":{"line":7,"column":5}},{"start":{},"end":{}}],"line":5}},"s":{"0":1,"1":1,"2":1,"3":1,"4":0,"5":1,"6":1,"7":0,"8":0,"9":1},"f":{"0":1},"b":{"0":[0,1]},"_coverageSchema":"1a1c01bbd47fc00a2c39e90264f33305004495a9","hash":"164d1859e3df9817c8832e861e9bde341fb7f6e2"}
,"D:\\hack\\freelancers-hackathon\\backend\\middleware\\auth.js": {"path":"D:\\hack\\freelancers-hackathon\\backend\\middleware\\auth.js","statementMap":{"0":{"start":{"line":1,"column":12},"end":{"line":1,"column":35}},"1":{"start":{"line":2,"column":13},"end":{"line":2,"column":38}},"2":{"start":{"line":4,"column":13},"end":{"line":33,"column":1}},"3":{"start":{"line":5,"column":2},"end":{"line":32,"column":3}},"4":{"start":{"line":9,"column":4},"end":{"line":15,"column":5}},"5":{"start":{"line":10,"column":6},"end":{"line":10,"column":39}},"6":{"start":{"line":13,"column":9},"end":{"line":15,"column":5}},"7":{"start":{"line":14,"column":6},"end":{"line":14,"column":54}},"8":{"start":{"line":17,"column":4},"end":{"line":19,"column":5}},"9":{"start":{"line":18,"column":6},"end":{"line":18,"column":91}},"10":{"start":{"line":21,"column":20},"end":{"line":21,"column":61}},"11":{"start":{"line":22,"column":17},"end":{"line":22,"column":73}},"12":{"start":{"line":24,"column":4},"end":{"line":26,"column":5}},"13":{"start":{"line":25,"column":6},"end":{"line":25,"column":81}},"14":{"start":{"line":28,"column":4},"end":{"line":28,"column":20}},"15":{"start":{"line":29,"column":4},"end":{"line":29,"column":11}},"16":{"start":{"line":31,"column":4},"end":{"line":31,"column":77}},"17":{"start":{"line":35,"column":0},"end":{"line":35,"column":22}},"18":{"start":{"line":37,"column":0},"end":{"line":37,"column":22}}},"fnMap":{"0":{"name":"(anonymous_0)","decl":{"start":{"line":4,"column":13},"end":{"line":4,"column":14}},"loc":{"start":{"line":4,"column":39},"end":{"line":33,"column":1}},"line":4}},"branchMap":{"0":{"loc":{"start":{"line":9,"column":4},"end":{"line":15,"column":5}},"type":"if","locations":[{"start":{"line":9,"column":4},"end":{"line":15,"column":5}},{"start":{"line":13,"column":9},"end":{"line":15,"column":5}}],"line":9},"1":{"loc":{"start":{"line":9,"column":8},"end":{"line":9,"column":47}},"type":"binary-expr","locations":[{"start":{"line":9,"column":8},"end":{"line":9,"column":19}},{"start":{"line":9,"column":23},"end":{"line":9,"column":47}}],"line":9},"2":{"loc":{"start":{"line":13,"column":9},"end":{"line":15,"column":5}},"type":"if","locations":[{"start":{"line":13,"column":9},"end":{"line":15,"column":5}},{"start":{},"end":{}}],"line":13},"3":{"loc":{"start":{"line":13,"column":13},"end":{"line":13,"column":89}},"type":"binary-expr","locations":[{"start":{"line":13,"column":13},"end":{"line":13,"column":38}},{"start":{"line":13,"column":42},"end":{"line":13,"column":89}}],"line":13},"4":{"loc":{"start":{"line":17,"column":4},"end":{"line":19,"column":5}},"type":"if","locations":[{"start":{"line":17,"column":4},"end":{"line":19,"column":5}},{"start":{},"end":{}}],"line":17},"5":{"loc":{"start":{"line":24,"column":4},"end":{"line":26,"column":5}},"type":"if","locations":[{"start":{"line":24,"column":4},"end":{"line":26,"column":5}},{"start":{},"end":{}}],"line":24}},"s":{"0":1,"1":1,"2":1,"3":0,"4":0,"5":0,"6":0,"7":0,"8":0,"9":0,"10":0,"11":0,"12":0,"13":0,"14":0,"15":0,"16":0,"17":1,"18":1},"f":{"0":0},"b":{"0":[0,0],"1":[0,0],"2":[0,0],"3":[0,0],"4":[0,0],"5":[0,0]},"_coverageSchema":"1a1c01bbd47fc00a2c39e90264f33305004495a9","hash":"c40fb4d5cdabe532a3b20ab89179aa7591a9ea48"}
,"D:\\hack\\freelancers-hackathon\\backend\\middleware\\security.js": {"path":"D:\\hack\\freelancers-hackathon\\backend\\middleware\\security.js","statementMap":{"0":{"start":{"line":1,"column":18},"end":{"line":1,"column":47}},"1":{"start":{"line":2,"column":18},"end":{"line":2,"column":38}},"2":{"start":{"line":5,"column":26},"end":{"line":14,"column":1}},"3":{"start":{"line":6,"column":2},"end":{"line":13,"column":5}},"4":{"start":{"line":12,"column":19},"end":{"line":12,"column":57}},"5":{"start":{"line":17,"column":19},"end":{"line":17,"column":82}},"6":{"start":{"line":18,"column":26},"end":{"line":18,"column":88}},"7":{"start":{"line":19,"column":28},"end":{"line":19,"column":95}},"8":{"start":{"line":20,"column":26},"end":{"line":20,"column":91}},"9":{"start":{"line":23,"column":22},"end":{"line":33,"column":1}},"10":{"start":{"line":24,"column":2},"end":{"line":32,"column":4}},"11":{"start":{"line":25,"column":4},"end":{"line":31,"column":5}},"12":{"start":{"line":26,"column":24},"end":{"line":26,"column":40}},"13":{"start":{"line":27,"column":6},"end":{"line":27,"column":27}},"14":{"start":{"line":28,"column":6},"end":{"line":28,"column":13}},"15":{"start":{"line":30,"column":6},"end":{"line":30,"column":73}},"16":{"start":{"line":36,"column":16},"end":{"line":83,"column":1}},"17":{"start":{"line":38,"column":4},"end":{"line":40,"column":5}},"18":{"start":{"line":39,"column":6},"end":{"line":39,"column":60}},"19":{"start":{"line":41,"column":4},"end":{"line":44,"column":6}},"20":{"start":{"line":48,"column":4},"end":{"line":50,"column":5}},"21":{"start":{"line":49,"column":6},"end":{"line":49,"column":51}},"22":{"start":{"line":51,"column":4},"end":{"line":53,"column":5}},"23":{"start":{"line":52,"column":6},"end":{"line":52,"column":39}},"24":{"start":{"line":54,"column":4},"end":{"line":56,"column":5}},"25":{"start":{"line":55,"column":6},"end":{"line":55,"column":47}},"26":{"start":{"line":57,"column":4},"end":{"line":59,"column":5}},"27":{"start":{"line":58,"column":6},"end":{"line":58,"column":42}},"28":{"start":{"line":61,"column":4},"end":{"line":67,"column":6}},"29":{"start":{"line":71,"column":4},"end":{"line":73,"column":5}},"30":{"start":{"line":72,"column":6},"end":{"line":72,"column":47}},"31":{"start":{"line":74,"column":4},"end":{"line":74,"column":43}},"32":{"start":{"line":78,"column":4},"end":{"line":80,"column":5}},"33":{"start":{"line":79,"column":6},"end":{"line":79,"column":61}},"34":{"start":{"line":81,"column":4},"end":{"line":81,"column":53}},"35":{"start":{"line":86,"column":24},"end":{"line":93,"column":1}},"36":{"start":{"line":87,"column":2},"end":{"line":87,"column":53}},"37":{"start":{"line":88,"column":2},"end":{"line":88,"column":43}},"38":{"start":{"line":89,"column":2},"end":{"line":89,"column":53}},"39":{"start":{"line":90,"column":2},"end":{"line":90,"column":84}},"40":{"start":{"line":91,"column":2},"end":{"line":91,"column":100}},"41":{"start":{"line":92,"column":2},"end":{"line":92,"column":9}},"42":{"start":{"line":95,"column":27},"end":{"line":95,"column":42}},"43":{"start":{"line":98,"column":23},"end":{"line":104,"column":1}},"44":{"start":{"line":99,"column":17},"end":{"line":99,"column":41}},"45":{"start":{"line":100,"column":2},"end":{"line":102,"column":3}},"46":{"start":{"line":101,"column":4},"end":{"line":101,"column":64}},"47":{"start":{"line":103,"column":2},"end":{"line":103,"column":9}},"48":{"start":{"line":106,"column":0},"end":{"line":118,"column":2}}},"fnMap":{"0":{"name":"(anonymous_0)","decl":{"start":{"line":5,"column":26},"end":{"line":5,"column":27}},"loc":{"start":{"line":5,"column":54},"end":{"line":14,"column":1}},"line":5},"1":{"name":"(anonymous_1)","decl":{"start":{"line":12,"column":10},"end":{"line":12,"column":11}},"loc":{"start":{"line":12,"column":19},"end":{"line":12,"column":57}},"line":12},"2":{"name":"(anonymous_2)","decl":{"start":{"line":23,"column":22},"end":{"line":23,"column":23}},"loc":{"start":{"line":23,"column":34},"end":{"line":33,"column":1}},"line":23},"3":{"name":"(anonymous_3)","decl":{"start":{"line":24,"column":9},"end":{"line":24,"column":10}},"loc":{"start":{"line":24,"column":29},"end":{"line":32,"column":3}},"line":24},"4":{"name":"(anonymous_4)","decl":{"start":{"line":37,"column":11},"end":{"line":37,"column":12}},"loc":{"start":{"line":37,"column":21},"end":{"line":45,"column":3}},"line":37},"5":{"name":"(anonymous_5)","decl":{"start":{"line":47,"column":8},"end":{"line":47,"column":9}},"loc":{"start":{"line":47,"column":18},"end":{"line":68,"column":3}},"line":47},"6":{"name":"(anonymous_6)","decl":{"start":{"line":70,"column":9},"end":{"line":70,"column":10}},"loc":{"start":{"line":70,"column":20},"end":{"line":75,"column":3}},"line":70},"7":{"name":"(anonymous_7)","decl":{"start":{"line":77,"column":11},"end":{"line":77,"column":12}},"loc":{"start":{"line":77,"column":21},"end":{"line":82,"column":3}},"line":77},"8":{"name":"(anonymous_8)","decl":{"start":{"line":86,"column":24},"end":{"line":86,"column":25}},"loc":{"start":{"line":86,"column":44},"end":{"line":93,"column":1}},"line":86},"9":{"name":"(anonymous_9)","decl":{"start":{"line":98,"column":23},"end":{"line":98,"column":24}},"loc":{"start":{"line":98,"column":43},"end":{"line":104,"column":1}},"line":98}},"branchMap":{"0":{"loc":{"start":{"line":38,"column":4},"end":{"line":40,"column":5}},"type":"if","locations":[{"start":{"line":38,"column":4},"end":{"line":40,"column":5}},{"start":{},"end":{}}],"line":38},"1":{"loc":{"start":{"line":38,"column":8},"end":{"line":38,"column":57}},"type":"binary-expr","locations":[{"start":{"line":38,"column":8},"end":{"line":38,"column":21}},{"start":{"line":38,"column":25},"end":{"line":38,"column":57}}],"line":38},"2":{"loc":{"start":{"line":48,"column":4},"end":{"line":50,"column":5}},"type":"if","locations":[{"start":{"line":48,"column":4},"end":{"line":50,"column":5}},{"start":{},"end":{}}],"line":48},"3":{"loc":{"start":{"line":48,"column":8},"end":{"line":48,"column":65}},"type":"binary-expr","locations":[{"start":{"line":48,"column":8},"end":{"line":48,"column":25}},{"start":{"line":48,"column":29},"end":{"line":48,"column":65}}],"line":48},"4":{"loc":{"start":{"line":51,"column":4},"end":{"line":53,"column":5}},"type":"if","locations":[{"start":{"line":51,"column":4},"end":{"line":53,"column":5}},{"start":{},"end":{}}],"line":51},"5":{"loc":{"start":{"line":51,"column":8},"end":{"line":51,"column":79}},"type":"binary-expr","locations":[{"start":{"line":51,"column":8},"end":{"line":51,"column":18}},{"start":{"line":51,"column":22},"end":{"line":51,"column":52}},{"start":{"line":51,"column":56},"end":{"line":51,"column":79}}],"line":51},"6":{"loc":{"start":{"line":54,"column":4},"end":{"line":56,"column":5}},"type":"if","locations":[{"start":{"line":54,"column":4},"end":{"line":56,"column":5}},{"start":{},"end":{}}],"line":54},"7":{"loc":{"start":{"line":54,"column":8},"end":{"line":54,"column":60}},"type":"binary-expr","locations":[{"start":{"line":54,"column":8},"end":{"line":54,"column":21}},{"start":{"line":54,"column":25},"end":{"line":54,"column":60}}],"line":54},"8":{"loc":{"start":{"line":57,"column":4},"end":{"line":59,"column":5}},"type":"if","locations":[{"start":{"line":57,"column":4},"end":{"line":59,"column":5}},{"start":{},"end":{}}],"line":57},"9":{"loc":{"start":{"line":57,"column":8},"end":{"line":57,"column":75}},"type":"binary-expr","locations":[{"start":{"line":57,"column":8},"end":{"line":57,"column":21}},{"start":{"line":57,"column":25},"end":{"line":57,"column":75}}],"line":57},"10":{"loc":{"start":{"line":63,"column":13},"end":{"line":63,"column":75}},"type":"cond-expr","locations":[{"start":{"line":63,"column":26},"end":{"line":63,"column":70}},{"start":{"line":63,"column":73},"end":{"line":63,"column":75}}],"line":63},"11":{"loc":{"start":{"line":64,"column":16},"end":{"line":64,"column":37}},"type":"binary-expr","locations":[{"start":{"line":64,"column":16},"end":{"line":64,"column":29}},{"start":{"line":64,"column":33},"end":{"line":64,"column":37}}],"line":64},"12":{"loc":{"start":{"line":65,"column":16},"end":{"line":65,"column":41}},"type":"binary-expr","locations":[{"start":{"line":65,"column":16},"end":{"line":65,"column":29}},{"start":{"line":65,"column":33},"end":{"line":65,"column":41}}],"line":65},"13":{"loc":{"start":{"line":66,"column":14},"end":{"line":66,"column":38}},"type":"binary-expr","locations":[{"start":{"line":66,"column":14},"end":{"line":66,"column":25}},{"start":{"line":66,"column":29},"end":{"line":66,"column":38}}],"line":66},"14":{"loc":{"start":{"line":71,"column":4},"end":{"line":73,"column":5}},"type":"if","locations":[{"start":{"line":71,"column":4},"end":{"line":73,"column":5}},{"start":{},"end":{}}],"line":71},"15":{"loc":{"start":{"line":78,"column":4},"end":{"line":80,"column":5}},"type":"if","locations":[{"start":{"line":78,"column":4},"end":{"line":80,"column":5}},{"start":{},"end":{}}],"line":78},"16":{"loc":{"start":{"line":78,"column":8},"end":{"line":78,"column":52}},"type":"binary-expr","locations":[{"start":{"line":78,"column":8},"end":{"line":78,"column":32}},{"start":{"line":78,"column":36},"end":{"line":78,"column":52}}],"line":78},"17":{"loc":{"start":{"line":100,"column":2},"end":{"line":102,"column":3}},"type":"if","locations":[{"start":{"line":100,"column":2},"end":{"line":102,"column":3}},{"start":{},"end":{}}],"line":100},"18":{"loc":{"start":{"line":100,"column":6},"end":{"line":100,"column":47}},"type":"binary-expr","locations":[{"start":{"line":100,"column":6},"end":{"line":100,"column":13}},{"start":{"line":100,"column":17},"end":{"line":100,"column":47}}],"line":100}},"s":{"0":2,"1":2,"2":2,"3":8,"4":0,"5":2,"6":2,"7":2,"8":2,"9":2,"10":0,"11":0,"12":0,"13":0,"14":0,"15":0,"16":2,"17":0,"18":0,"19":0,"20":4,"21":1,"22":3,"23":0,"24":3,"25":0,"26":3,"27":1,"28":2,"29":3,"30":1,"31":2,"32":3,"33":1,"34":2,"35":2,"36":0,"37":0,"38":0,"39":0,"40":0,"41":0,"42":2,"43":2,"44":0,"45":0,"46":0,"47":0,"48":2},"f":{"0":8,"1":0,"2":0,"3":0,"4":0,"5":4,"6":3,"7":3,"8":0,"9":0},"b":{"0":[0,0],"1":[0,0],"2":[1,3],"3":[4,3],"4":[0,3],"5":[3,2,2],"6":[0,3],"7":[3,1],"8":[1,2],"9":[3,2],"10":[2,0],"11":[2,1],"12":[2,1],"13":[2,2],"14":[1,2],"15":[1,2],"16":[3,3],"17":[0,0],"18":[0,0]},"_coverageSchema":"1a1c01bbd47fc00a2c39e90264f33305004495a9","hash":"550ea8adb74abf7127a694a34ad3665cf2de062b"}
,"D:\\hack\\freelancers-hackathon\\backend\\middleware\\validation.js": {"path":"D:\\hack\\freelancers-hackathon\\backend\\middleware\\validation.js","statementMap":{"0":{"start":{"line":1,"column":29},"end":{"line":1,"column":57}},"1":{"start":{"line":3,"column":31},"end":{"line":11,"column":1}},"2":{"start":{"line":4,"column":17},"end":{"line":4,"column":38}},"3":{"start":{"line":6,"column":2},"end":{"line":8,"column":3}},"4":{"start":{"line":7,"column":4},"end":{"line":7,"column":75}},"5":{"start":{"line":10,"column":2},"end":{"line":10,"column":9}},"6":{"start":{"line":13,"column":0},"end":{"line":15,"column":2}}},"fnMap":{"0":{"name":"(anonymous_0)","decl":{"start":{"line":3,"column":31},"end":{"line":3,"column":32}},"loc":{"start":{"line":3,"column":51},"end":{"line":11,"column":1}},"line":3}},"branchMap":{"0":{"loc":{"start":{"line":6,"column":2},"end":{"line":8,"column":3}},"type":"if","locations":[{"start":{"line":6,"column":2},"end":{"line":8,"column":3}},{"start":{},"end":{}}],"line":6}},"s":{"0":1,"1":1,"2":0,"3":0,"4":0,"5":0,"6":1},"f":{"0":0},"b":{"0":[0,0]},"_coverageSchema":"1a1c01bbd47fc00a2c39e90264f33305004495a9","hash":"a6c74f7b3248b5dc379b1d36ed6ecd2389ee7a84"}
,"D:\\hack\\freelancers-hackathon\\backend\\models\\Analysis.js": {"path":"D:\\hack\\freelancers-hackathon\\backend\\models\\Analysis.js","statementMap":{"0":{"start":{"line":1,"column":17},"end":{"line":1,"column":36}},"1":{"start":{"line":3,"column":19},"end":{"line":13,"column":2}},"2":{"start":{"line":15,"column":23},"end":{"line":58,"column":1}},"3":{"start":{"line":31,"column":41},"end":{"line":31,"column":51}},"4":{"start":{"line":60,"column":0},"end":{"line":60,"column":60}}},"fnMap":{"0":{"name":"(anonymous_0)","decl":{"start":{"line":31,"column":35},"end":{"line":31,"column":36}},"loc":{"start":{"line":31,"column":41},"end":{"line":31,"column":51}},"line":31}},"branchMap":{},"s":{"0":1,"1":1,"2":1,"3":0,"4":1},"f":{"0":0},"b":{},"_coverageSchema":"1a1c01bbd47fc00a2c39e90264f33305004495a9","hash":"afced74cb4d24ecc16af69191705f75879a8dec5"}
,"D:\\hack\\freelancers-hackathon\\backend\\models\\Collaboration.js": {"path":"D:\\hack\\freelancers-hackathon\\backend\\models\\Collaboration.js","statementMap":{"0":{"start":{"line":1,"column":17},"end":{"line":1,"column":36}},"1":{"start":{"line":4,"column":25},"end":{"line":33,"column":2}},"2":{"start":{"line":36,"column":22},"end":{"line":76,"column":2}},"3":{"start":{"line":79,"column":23},"end":{"line":103,"column":2}},"4":{"start":{"line":106,"column":27},"end":{"line":129,"column":2}},"5":{"start":{"line":131,"column":0},"end":{"line":136,"column":2}}},"fnMap":{},"branchMap":{},"s":{"0":0,"1":0,"2":0,"3":0,"4":0,"5":0},"f":{},"b":{}}
,"D:\\hack\\freelancers-hackathon\\backend\\models\\User.js": {"path":"D:\\hack\\freelancers-hackathon\\backend\\models\\User.js","statementMap":{"0":{"start":{"line":1,"column":17},"end":{"line":1,"column":36}},"1":{"start":{"line":2,"column":15},"end":{"line":2,"column":34}},"2":{"start":{"line":4,"column":19},"end":{"line":38,"column":1}},"3":{"start":{"line":41,"column":0},"end":{"line":44,"column":3}},"4":{"start":{"line":42,"column":2},"end":{"line":42,"column":43}},"5":{"start":{"line":42,"column":36},"end":{"line":42,"column":43}},"6":{"start":{"line":43,"column":2},"end":{"line":43,"column":55}},"7":{"start":{"line":47,"column":0},"end":{"line":49,"column":2}},"8":{"start":{"line":48,"column":2},"end":{"line":48,"column":58}},"9":{"start":{"line":52,"column":0},"end":{"line":60,"column":2}},"10":{"start":{"line":53,"column":14},"end":{"line":53,"column":29}},"11":{"start":{"line":54,"column":2},"end":{"line":54,"column":22}},"12":{"start":{"line":55,"column":2},"end":{"line":55,"column":30}},"13":{"start":{"line":56,"column":2},"end":{"line":56,"column":34}},"14":{"start":{"line":57,"column":2},"end":{"line":57,"column":23}},"15":{"start":{"line":58,"column":2},"end":{"line":58,"column":23}},"16":{"start":{"line":59,"column":2},"end":{"line":59,"column":13}},"17":{"start":{"line":62,"column":0},"end":{"line":62,"column":52}}},"fnMap":{"0":{"name":"(anonymous_0)","decl":{"start":{"line":41,"column":23},"end":{"line":41,"column":24}},"loc":{"start":{"line":41,"column":41},"end":{"line":44,"column":1}},"line":41},"1":{"name":"(anonymous_1)","decl":{"start":{"line":47,"column":37},"end":{"line":47,"column":38}},"loc":{"start":{"line":47,"column":72},"end":{"line":49,"column":1}},"line":47},"2":{"name":"(anonymous_2)","decl":{"start":{"line":52,"column":28},"end":{"line":52,"column":29}},"loc":{"start":{"line":52,"column":40},"end":{"line":60,"column":1}},"line":52}},"branchMap":{"0":{"loc":{"start":{"line":42,"column":2},"end":{"line":42,"column":43}},"type":"if","locations":[{"start":{"line":42,"column":2},"end":{"line":42,"column":43}},{"start":{},"end":{}}],"line":42}},"s":{"0":1,"1":1,"2":1,"3":1,"4":0,"5":0,"6":0,"7":1,"8":0,"9":1,"10":0,"11":0,"12":0,"13":0,"14":0,"15":0,"16":0,"17":1},"f":{"0":0,"1":0,"2":0},"b":{"0":[0,0]},"_coverageSchema":"1a1c01bbd47fc00a2c39e90264f33305004495a9","hash":"2d2cb12524221471b791998d0d99d6c446c2880d"}
,"D:\\hack\\freelancers-hackathon\\backend\\routes\\analyses.js": {"path":"D:\\hack\\freelancers-hackathon\\backend\\routes\\analyses.js","statementMap":{"0":{"start":{"line":1,"column":16},"end":{"line":1,"column":34}},"1":{"start":{"line":2,"column":31},"end":{"line":2,"column":63}},"2":{"start":{"line":3,"column":24},"end":{"line":3,"column":52}},"3":{"start":{"line":4,"column":13},"end":{"line":4,"column":42}},"4":{"start":{"line":5,"column":32},"end":{"line":5,"column":65}},"5":{"start":{"line":6,"column":35},"end":{"line":6,"column":70}},"6":{"start":{"line":7,"column":17},"end":{"line":7,"column":46}},"7":{"start":{"line":8,"column":13},"end":{"line":8,"column":38}},"8":{"start":{"line":9,"column":65},"end":{"line":9,"column":96}},"9":{"start":{"line":10,"column":31},"end":{"line":10,"column":51}},"10":{"start":{"line":12,"column":15},"end":{"line":12,"column":31}},"11":{"start":{"line":13,"column":0},"end":{"line":13,"column":17}},"12":{"start":{"line":14,"column":0},"end":{"line":14,"column":32}},"13":{"start":{"line":17,"column":0},"end":{"line":19,"column":1}},"14":{"start":{"line":18,"column":2},"end":{"line":18,"column":81}},"15":{"start":{"line":21,"column":14},"end":{"line":21,"column":64}},"16":{"start":{"line":22,"column":14},"end":{"line":22,"column":69}},"17":{"start":{"line":26,"column":2},"end":{"line":28,"column":3}},"18":{"start":{"line":27,"column":4},"end":{"line":27,"column":53}},"19":{"start":{"line":30,"column":15},"end":{"line":32,"column":4}},"20":{"start":{"line":34,"column":2},"end":{"line":36,"column":3}},"21":{"start":{"line":35,"column":4},"end":{"line":35,"column":58}},"22":{"start":{"line":38,"column":2},"end":{"line":38,"column":51}},"23":{"start":{"line":42,"column":2},"end":{"line":47,"column":4}},"24":{"start":{"line":44,"column":44},"end":{"line":44,"column":67}},"25":{"start":{"line":45,"column":6},"end":{"line":45,"column":49}},"26":{"start":{"line":51,"column":2},"end":{"line":51,"column":39}},"27":{"start":{"line":51,"column":20},"end":{"line":51,"column":39}},"28":{"start":{"line":53,"column":15},"end":{"line":53,"column":19}},"29":{"start":{"line":54,"column":2},"end":{"line":69,"column":3}},"30":{"start":{"line":55,"column":4},"end":{"line":55,"column":25}},"31":{"start":{"line":56,"column":9},"end":{"line":69,"column":3}},"32":{"start":{"line":57,"column":4},"end":{"line":57,"column":35}},"33":{"start":{"line":58,"column":9},"end":{"line":69,"column":3}},"34":{"start":{"line":59,"column":20},"end":{"line":59,"column":38}},"35":{"start":{"line":60,"column":21},"end":{"line":60,"column":77}},"36":{"start":{"line":61,"column":4},"end":{"line":68,"column":5}},"37":{"start":{"line":62,"column":18},"end":{"line":62,"column":46}},"38":{"start":{"line":63,"column":20},"end":{"line":63,"column":48}},"39":{"start":{"line":64,"column":19},"end":{"line":64,"column":78}},"40":{"start":{"line":65,"column":6},"end":{"line":65,"column":51}},"41":{"start":{"line":67,"column":6},"end":{"line":67,"column":33}},"42":{"start":{"line":71,"column":2},"end":{"line":73,"column":3}},"43":{"start":{"line":72,"column":4},"end":{"line":72,"column":23}},"44":{"start":{"line":75,"column":16},"end":{"line":75,"column":26}},"45":{"start":{"line":76,"column":2},"end":{"line":76,"column":29}},"46":{"start":{"line":77,"column":18},"end":{"line":77,"column":70}},"47":{"start":{"line":79,"column":2},"end":{"line":81,"column":3}},"48":{"start":{"line":80,"column":4},"end":{"line":80,"column":23}},"49":{"start":{"line":83,"column":2},"end":{"line":83,"column":30}},"50":{"start":{"line":87,"column":24},"end":{"line":87,"column":50}},"51":{"start":{"line":88,"column":17},"end":{"line":90,"column":56}},"52":{"start":{"line":92,"column":23},"end":{"line":92,"column":25}},"53":{"start":{"line":93,"column":2},"end":{"line":97,"column":3}},"54":{"start":{"line":93,"column":15},"end":{"line":93,"column":16}},"55":{"start":{"line":94,"column":29},"end":{"line":94,"column":38}},"56":{"start":{"line":95,"column":19},"end":{"line":95,"column":66}},"57":{"start":{"line":96,"column":4},"end":{"line":96,"column":30}},"58":{"start":{"line":99,"column":23},"end":{"line":101,"column":21}},"59":{"start":{"line":103,"column":19},"end":{"line":115,"column":4}},"60":{"start":{"line":104,"column":23},"end":{"line":104,"column":41}},"61":{"start":{"line":105,"column":25},"end":{"line":105,"column":87}},"62":{"start":{"line":106,"column":4},"end":{"line":114,"column":6}},"63":{"start":{"line":117,"column":26},"end":{"line":117,"column":56}},"64":{"start":{"line":119,"column":2},"end":{"line":129,"column":4}},"65":{"start":{"line":134,"column":23},"end":{"line":136,"column":8}},"66":{"start":{"line":138,"column":17},"end":{"line":164,"column":4}},"67":{"start":{"line":166,"column":17},"end":{"line":166,"column":52}},"68":{"start":{"line":167,"column":19},"end":{"line":167,"column":40}},"69":{"start":{"line":168,"column":23},"end":{"line":168,"column":45}},"70":{"start":{"line":170,"column":18},"end":{"line":170,"column":88}},"71":{"start":{"line":172,"column":2},"end":{"line":178,"column":3}},"72":{"start":{"line":173,"column":4},"end":{"line":173,"column":31}},"73":{"start":{"line":175,"column":4},"end":{"line":175,"column":66}},"74":{"start":{"line":176,"column":4},"end":{"line":176,"column":83}},"75":{"start":{"line":177,"column":4},"end":{"line":177,"column":91}},"76":{"start":{"line":182,"column":0},"end":{"line":268,"column":5}},"77":{"start":{"line":198,"column":2},"end":{"line":267,"column":3}},"78":{"start":{"line":199,"column":24},"end":{"line":199,"column":32}},"79":{"start":{"line":200,"column":4},"end":{"line":200,"column":81}},"80":{"start":{"line":202,"column":4},"end":{"line":204,"column":5}},"81":{"start":{"line":203,"column":6},"end":{"line":203,"column":95}},"82":{"start":{"line":206,"column":4},"end":{"line":209,"column":5}},"83":{"start":{"line":207,"column":6},"end":{"line":207,"column":60}},"84":{"start":{"line":208,"column":6},"end":{"line":208,"column":110}},"85":{"start":{"line":211,"column":24},"end":{"line":211,"column":38}},"86":{"start":{"line":213,"column":56},"end":{"line":213,"column":94}},"87":{"start":{"line":216,"column":28},"end":{"line":216,"column":58}},"88":{"start":{"line":217,"column":34},"end":{"line":226,"column":5}},"89":{"start":{"line":228,"column":21},"end":{"line":237,"column":6}},"90":{"start":{"line":239,"column":4},"end":{"line":239,"column":72}},"91":{"start":{"line":241,"column":4},"end":{"line":250,"column":7}},"92":{"start":{"line":252,"column":4},"end":{"line":252,"column":61}},"93":{"start":{"line":253,"column":4},"end":{"line":253,"column":56}},"94":{"start":{"line":254,"column":4},"end":{"line":254,"column":58}},"95":{"start":{"line":255,"column":4},"end":{"line":255,"column":54}},"96":{"start":{"line":256,"column":4},"end":{"line":256,"column":74}},"97":{"start":{"line":258,"column":4},"end":{"line":260,"column":5}},"98":{"start":{"line":259,"column":6},"end":{"line":259,"column":116}},"99":{"start":{"line":262,"column":4},"end":{"line":264,"column":5}},"100":{"start":{"line":263,"column":6},"end":{"line":263,"column":101}},"101":{"start":{"line":266,"column":4},"end":{"line":266,"column":87}},"102":{"start":{"line":272,"column":0},"end":{"line":335,"column":3}},"103":{"start":{"line":273,"column":2},"end":{"line":334,"column":3}},"104":{"start":{"line":274,"column":49},"end":{"line":274,"column":58}},"105":{"start":{"line":276,"column":4},"end":{"line":278,"column":5}},"106":{"start":{"line":277,"column":6},"end":{"line":277,"column":97}},"107":{"start":{"line":280,"column":4},"end":{"line":282,"column":5}},"108":{"start":{"line":281,"column":6},"end":{"line":281,"column":94}},"109":{"start":{"line":284,"column":22},"end":{"line":287,"column":5}},"110":{"start":{"line":289,"column":4},"end":{"line":291,"column":5}},"111":{"start":{"line":290,"column":6},"end":{"line":290,"column":61}},"112":{"start":{"line":293,"column":4},"end":{"line":297,"column":5}},"113":{"start":{"line":294,"column":6},"end":{"line":294,"column":45}},"114":{"start":{"line":295,"column":6},"end":{"line":295,"column":80}},"115":{"start":{"line":295,"column":20},"end":{"line":295,"column":80}},"116":{"start":{"line":296,"column":6},"end":{"line":296,"column":76}},"117":{"start":{"line":296,"column":18},"end":{"line":296,"column":76}},"118":{"start":{"line":299,"column":22},"end":{"line":299,"column":26}},"119":{"start":{"line":300,"column":4},"end":{"line":311,"column":5}},"120":{"start":{"line":301,"column":6},"end":{"line":301,"column":46}},"121":{"start":{"line":302,"column":6},"end":{"line":310,"column":8}},"122":{"start":{"line":313,"column":21},"end":{"line":315,"column":16}},"123":{"start":{"line":318,"column":20},"end":{"line":328,"column":7}},"124":{"start":{"line":318,"column":46},"end":{"line":328,"column":5}},"125":{"start":{"line":323,"column":8},"end":{"line":323,"column":68}},"126":{"start":{"line":325,"column":77},"end":{"line":325,"column":96}},"127":{"start":{"line":330,"column":4},"end":{"line":330,"column":65}},"128":{"start":{"line":332,"column":4},"end":{"line":332,"column":40}},"129":{"start":{"line":333,"column":4},"end":{"line":333,"column":56}},"130":{"start":{"line":338,"column":0},"end":{"line":354,"column":3}},"131":{"start":{"line":339,"column":2},"end":{"line":353,"column":3}},"132":{"start":{"line":340,"column":21},"end":{"line":343,"column":6}},"133":{"start":{"line":345,"column":4},"end":{"line":347,"column":5}},"134":{"start":{"line":346,"column":6},"end":{"line":346,"column":70}},"135":{"start":{"line":349,"column":4},"end":{"line":349,"column":27}},"136":{"start":{"line":351,"column":4},"end":{"line":351,"column":46}},"137":{"start":{"line":352,"column":4},"end":{"line":352,"column":66}},"138":{"start":{"line":357,"column":28},"end":{"line":357,"column":33}},"139":{"start":{"line":358,"column":25},"end":{"line":358,"column":34}},"140":{"start":{"line":360,"column":0},"end":{"line":438,"column":3}},"141":{"start":{"line":365,"column":2},"end":{"line":437,"column":3}},"142":{"start":{"line":366,"column":19},"end":{"line":366,"column":42}},"143":{"start":{"line":367,"column":19},"end":{"line":367,"column":47}},"144":{"start":{"line":368,"column":4},"end":{"line":374,"column":5}},"145":{"start":{"line":369,"column":27},"end":{"line":369,"column":70}},"146":{"start":{"line":370,"column":6},"end":{"line":373,"column":9}},"147":{"start":{"line":375,"column":4},"end":{"line":375,"column":45}},"148":{"start":{"line":377,"column":21},"end":{"line":380,"column":6}},"149":{"start":{"line":382,"column":4},"end":{"line":384,"column":5}},"150":{"start":{"line":383,"column":6},"end":{"line":383,"column":70}},"151":{"start":{"line":386,"column":4},"end":{"line":388,"column":5}},"152":{"start":{"line":387,"column":6},"end":{"line":387,"column":95}},"153":{"start":{"line":390,"column":4},"end":{"line":393,"column":5}},"154":{"start":{"line":391,"column":6},"end":{"line":391,"column":59}},"155":{"start":{"line":392,"column":6},"end":{"line":392,"column":110}},"156":{"start":{"line":395,"column":24},"end":{"line":395,"column":47}},"157":{"start":{"line":396,"column":56},"end":{"line":396,"column":94}},"158":{"start":{"line":398,"column":4},"end":{"line":398,"column":50}},"159":{"start":{"line":399,"column":4},"end":{"line":399,"column":54}},"160":{"start":{"line":400,"column":4},"end":{"line":400,"column":37}},"161":{"start":{"line":401,"column":4},"end":{"line":401,"column":33}},"162":{"start":{"line":402,"column":4},"end":{"line":402,"column":33}},"163":{"start":{"line":404,"column":4},"end":{"line":404,"column":26}},"164":{"start":{"line":406,"column":4},"end":{"line":412,"column":7}},"165":{"start":{"line":414,"column":4},"end":{"line":414,"column":59}},"166":{"start":{"line":416,"column":4},"end":{"line":416,"column":60}},"167":{"start":{"line":417,"column":4},"end":{"line":417,"column":49}},"168":{"start":{"line":420,"column":4},"end":{"line":422,"column":5}},"169":{"start":{"line":421,"column":6},"end":{"line":421,"column":114}},"170":{"start":{"line":424,"column":4},"end":{"line":426,"column":5}},"171":{"start":{"line":425,"column":6},"end":{"line":425,"column":112}},"172":{"start":{"line":428,"column":4},"end":{"line":430,"column":5}},"173":{"start":{"line":429,"column":6},"end":{"line":429,"column":107}},"174":{"start":{"line":432,"column":4},"end":{"line":432,"column":94}},"175":{"start":{"line":434,"column":4},"end":{"line":436,"column":5}},"176":{"start":{"line":435,"column":6},"end":{"line":435,"column":55}},"177":{"start":{"line":441,"column":0},"end":{"line":505,"column":3}},"178":{"start":{"line":456,"column":2},"end":{"line":504,"column":3}},"179":{"start":{"line":457,"column":21},"end":{"line":460,"column":6}},"180":{"start":{"line":462,"column":4},"end":{"line":464,"column":5}},"181":{"start":{"line":463,"column":6},"end":{"line":463,"column":70}},"182":{"start":{"line":466,"column":4},"end":{"line":468,"column":5}},"183":{"start":{"line":467,"column":6},"end":{"line":467,"column":84}},"184":{"start":{"line":470,"column":42},"end":{"line":470,"column":50}},"185":{"start":{"line":472,"column":4},"end":{"line":472,"column":58}},"186":{"start":{"line":472,"column":31},"end":{"line":472,"column":58}},"187":{"start":{"line":473,"column":4},"end":{"line":473,"column":64}},"188":{"start":{"line":473,"column":33},"end":{"line":473,"column":64}},"189":{"start":{"line":475,"column":4},"end":{"line":487,"column":5}},"190":{"start":{"line":476,"column":21},"end":{"line":485,"column":7}},"191":{"start":{"line":477,"column":26},"end":{"line":484,"column":9}},"192":{"start":{"line":486,"column":6},"end":{"line":486,"column":30}},"193":{"start":{"line":489,"column":4},"end":{"line":489,"column":26}},"194":{"start":{"line":492,"column":4},"end":{"line":498,"column":7}},"195":{"start":{"line":500,"column":4},"end":{"line":500,"column":57}},"196":{"start":{"line":502,"column":4},"end":{"line":502,"column":47}},"197":{"start":{"line":503,"column":4},"end":{"line":503,"column":68}},"198":{"start":{"line":508,"column":0},"end":{"line":577,"column":3}},"199":{"start":{"line":523,"column":2},"end":{"line":576,"column":3}},"200":{"start":{"line":524,"column":21},"end":{"line":527,"column":6}},"201":{"start":{"line":529,"column":4},"end":{"line":531,"column":5}},"202":{"start":{"line":530,"column":6},"end":{"line":530,"column":70}},"203":{"start":{"line":533,"column":4},"end":{"line":535,"column":5}},"204":{"start":{"line":534,"column":6},"end":{"line":534,"column":78}},"205":{"start":{"line":538,"column":42},"end":{"line":538,"column":50}},"206":{"start":{"line":540,"column":4},"end":{"line":540,"column":58}},"207":{"start":{"line":540,"column":31},"end":{"line":540,"column":58}},"208":{"start":{"line":541,"column":4},"end":{"line":541,"column":64}},"209":{"start":{"line":541,"column":33},"end":{"line":541,"column":64}},"210":{"start":{"line":543,"column":4},"end":{"line":555,"column":5}},"211":{"start":{"line":544,"column":21},"end":{"line":553,"column":7}},"212":{"start":{"line":545,"column":26},"end":{"line":552,"column":9}},"213":{"start":{"line":554,"column":6},"end":{"line":554,"column":30}},"214":{"start":{"line":557,"column":4},"end":{"line":557,"column":32}},"215":{"start":{"line":558,"column":4},"end":{"line":558,"column":38}},"216":{"start":{"line":559,"column":4},"end":{"line":559,"column":26}},"217":{"start":{"line":562,"column":4},"end":{"line":570,"column":7}},"218":{"start":{"line":572,"column":4},"end":{"line":572,"column":71}},"219":{"start":{"line":574,"column":4},"end":{"line":574,"column":41}},"220":{"start":{"line":575,"column":4},"end":{"line":575,"column":68}},"221":{"start":{"line":579,"column":0},"end":{"line":579,"column":24}}},"fnMap":{"0":{"name":"mapOwner","decl":{"start":{"line":25,"column":15},"end":{"line":25,"column":23}},"loc":{"start":{"line":25,"column":35},"end":{"line":39,"column":1}},"line":25},"1":{"name":"mapTasksOwners","decl":{"start":{"line":41,"column":15},"end":{"line":41,"column":29}},"loc":{"start":{"line":41,"column":37},"end":{"line":48,"column":1}},"line":41},"2":{"name":"(anonymous_2)","decl":{"start":{"line":43,"column":14},"end":{"line":43,"column":15}},"loc":{"start":{"line":43,"column":27},"end":{"line":46,"column":5}},"line":43},"3":{"name":"normalizeDeadline","decl":{"start":{"line":50,"column":9},"end":{"line":50,"column":26}},"loc":{"start":{"line":50,"column":53},"end":{"line":84,"column":1}},"line":50},"4":{"name":"runAnalysisPipeline","decl":{"start":{"line":86,"column":15},"end":{"line":86,"column":34}},"loc":{"start":{"line":86,"column":48},"end":{"line":130,"column":1}},"line":86},"5":{"name":"(anonymous_5)","decl":{"start":{"line":103,"column":50},"end":{"line":103,"column":51}},"loc":{"start":{"line":103,"column":60},"end":{"line":115,"column":3}},"line":103},"6":{"name":"processChunk","decl":{"start":{"line":133,"column":15},"end":{"line":133,"column":27}},"loc":{"start":{"line":133,"column":64},"end":{"line":179,"column":1}},"line":133},"7":{"name":"(anonymous_7)","decl":{"start":{"line":197,"column":2},"end":{"line":197,"column":3}},"loc":{"start":{"line":197,"column":22},"end":{"line":268,"column":3}},"line":197},"8":{"name":"(anonymous_8)","decl":{"start":{"line":272,"column":22},"end":{"line":272,"column":23}},"loc":{"start":{"line":272,"column":42},"end":{"line":335,"column":1}},"line":272},"9":{"name":"(anonymous_9)","decl":{"start":{"line":318,"column":33},"end":{"line":318,"column":34}},"loc":{"start":{"line":318,"column":46},"end":{"line":328,"column":5}},"line":318},"10":{"name":"(anonymous_10)","decl":{"start":{"line":322,"column":64},"end":{"line":322,"column":65}},"loc":{"start":{"line":323,"column":8},"end":{"line":323,"column":68}},"line":323},"11":{"name":"(anonymous_11)","decl":{"start":{"line":325,"column":72},"end":{"line":325,"column":73}},"loc":{"start":{"line":325,"column":77},"end":{"line":325,"column":96}},"line":325},"12":{"name":"(anonymous_12)","decl":{"start":{"line":338,"column":19},"end":{"line":338,"column":20}},"loc":{"start":{"line":338,"column":39},"end":{"line":354,"column":1}},"line":338},"13":{"name":"(anonymous_13)","decl":{"start":{"line":364,"column":2},"end":{"line":364,"column":3}},"loc":{"start":{"line":364,"column":22},"end":{"line":438,"column":1}},"line":364},"14":{"name":"(anonymous_14)","decl":{"start":{"line":455,"column":2},"end":{"line":455,"column":3}},"loc":{"start":{"line":455,"column":22},"end":{"line":505,"column":1}},"line":455},"15":{"name":"(anonymous_15)","decl":{"start":{"line":477,"column":18},"end":{"line":477,"column":19}},"loc":{"start":{"line":477,"column":26},"end":{"line":484,"column":9}},"line":477},"16":{"name":"(anonymous_16)","decl":{"start":{"line":522,"column":2},"end":{"line":522,"column":3}},"loc":{"start":{"line":522,"column":22},"end":{"line":577,"column":1}},"line":522},"17":{"name":"(anonymous_17)","decl":{"start":{"line":545,"column":18},"end":{"line":545,"column":19}},"loc":{"start":{"line":545,"column":26},"end":{"line":552,"column":9}},"line":545}},"branchMap":{"0":{"loc":{"start":{"line":17,"column":0},"end":{"line":19,"column":1}},"type":"if","locations":[{"start":{"line":17,"column":0},"end":{"line":19,"column":1}},{"start":{},"end":{}}],"line":17},"1":{"loc":{"start":{"line":26,"column":2},"end":{"line":28,"column":3}},"type":"if","locations":[{"start":{"line":26,"column":2},"end":{"line":28,"column":3}},{"start":{},"end":{}}],"line":26},"2":{"loc":{"start":{"line":26,"column":6},"end":{"line":26,"column":87}},"type":"binary-expr","locations":[{"start":{"line":26,"column":6},"end":{"line":26,"column":16}},{"start":{"line":26,"column":20},"end":{"line":26,"column":43}},{"start":{"line":26,"column":47},"end":{"line":26,"column":87}}],"line":26},"3":{"loc":{"start":{"line":34,"column":2},"end":{"line":36,"column":3}},"type":"if","locations":[{"start":{"line":34,"column":2},"end":{"line":36,"column":3}},{"start":{},"end":{}}],"line":34},"4":{"loc":{"start":{"line":51,"column":2},"end":{"line":51,"column":39}},"type":"if","locations":[{"start":{"line":51,"column":2},"end":{"line":51,"column":39}},{"start":{},"end":{}}],"line":51},"5":{"loc":{"start":{"line":54,"column":2},"end":{"line":69,"column":3}},"type":"if","locations":[{"start":{"line":54,"column":2},"end":{"line":69,"column":3}},{"start":{"line":56,"column":9},"end":{"line":69,"column":3}}],"line":54},"6":{"loc":{"start":{"line":56,"column":9},"end":{"line":69,"column":3}},"type":"if","locations":[{"start":{"line":56,"column":9},"end":{"line":69,"column":3}},{"start":{"line":58,"column":9},"end":{"line":69,"column":3}}],"line":56},"7":{"loc":{"start":{"line":58,"column":9},"end":{"line":69,"column":3}},"type":"if","locations":[{"start":{"line":58,"column":9},"end":{"line":69,"column":3}},{"start":{},"end":{}}],"line":58},"8":{"loc":{"start":{"line":61,"column":4},"end":{"line":68,"column":5}},"type":"if","locations":[{"start":{"line":61,"column":4},"end":{"line":68,"column":5}},{"start":{"line":66,"column":11},"end":{"line":68,"column":5}}],"line":61},"9":{"loc":{"start":{"line":64,"column":19},"end":{"line":64,"column":78}},"type":"cond-expr","locations":[{"start":{"line":64,"column":46},"end":{"line":64,"column":64}},{"start":{"line":64,"column":67},"end":{"line":64,"column":78}}],"line":64},"10":{"loc":{"start":{"line":71,"column":2},"end":{"line":73,"column":3}},"type":"if","locations":[{"start":{"line":71,"column":2},"end":{"line":73,"column":3}},{"start":{},"end":{}}],"line":71},"11":{"loc":{"start":{"line":71,"column":6},"end":{"line":71,"column":47}},"type":"binary-expr","locations":[{"start":{"line":71,"column":6},"end":{"line":71,"column":13}},{"start":{"line":71,"column":17},"end":{"line":71,"column":47}}],"line":71},"12":{"loc":{"start":{"line":79,"column":2},"end":{"line":81,"column":3}},"type":"if","locations":[{"start":{"line":79,"column":2},"end":{"line":81,"column":3}},{"start":{},"end":{}}],"line":79},"13":{"loc":{"start":{"line":79,"column":6},"end":{"line":79,"column":40}},"type":"binary-expr","locations":[{"start":{"line":79,"column":6},"end":{"line":79,"column":20}},{"start":{"line":79,"column":24},"end":{"line":79,"column":40}}],"line":79},"14":{"loc":{"start":{"line":88,"column":17},"end":{"line":90,"column":56}},"type":"cond-expr","locations":[{"start":{"line":89,"column":6},"end":{"line":89,"column":35}},{"start":{"line":90,"column":6},"end":{"line":90,"column":56}}],"line":88},"15":{"loc":{"start":{"line":99,"column":23},"end":{"line":101,"column":21}},"type":"cond-expr","locations":[{"start":{"line":100,"column":6},"end":{"line":100,"column":37}},{"start":{"line":101,"column":6},"end":{"line":101,"column":21}}],"line":99},"16":{"loc":{"start":{"line":103,"column":20},"end":{"line":103,"column":44}},"type":"binary-expr","locations":[{"start":{"line":103,"column":20},"end":{"line":103,"column":38}},{"start":{"line":103,"column":42},"end":{"line":103,"column":44}}],"line":103},"17":{"loc":{"start":{"line":107,"column":19},"end":{"line":107,"column":38}},"type":"binary-expr","locations":[{"start":{"line":107,"column":19},"end":{"line":107,"column":32}},{"start":{"line":107,"column":36},"end":{"line":107,"column":38}}],"line":107},"18":{"loc":{"start":{"line":108,"column":13},"end":{"line":108,"column":26}},"type":"binary-expr","locations":[{"start":{"line":108,"column":13},"end":{"line":108,"column":20}},{"start":{"line":108,"column":24},"end":{"line":108,"column":26}}],"line":108},"19":{"loc":{"start":{"line":110,"column":16},"end":{"line":110,"column":86}},"type":"cond-expr","locations":[{"start":{"line":110,"column":65},"end":{"line":110,"column":75}},{"start":{"line":110,"column":78},"end":{"line":110,"column":86}}],"line":110},"20":{"loc":{"start":{"line":112,"column":18},"end":{"line":112,"column":71}},"type":"cond-expr","locations":[{"start":{"line":112,"column":53},"end":{"line":112,"column":65}},{"start":{"line":112,"column":68},"end":{"line":112,"column":71}}],"line":112},"21":{"loc":{"start":{"line":113,"column":17},"end":{"line":113,"column":41}},"type":"binary-expr","locations":[{"start":{"line":113,"column":17},"end":{"line":113,"column":28}},{"start":{"line":113,"column":32},"end":{"line":113,"column":41}}],"line":113},"22":{"loc":{"start":{"line":134,"column":23},"end":{"line":136,"column":8}},"type":"cond-expr","locations":[{"start":{"line":135,"column":6},"end":{"line":135,"column":100}},{"start":{"line":136,"column":6},"end":{"line":136,"column":8}}],"line":134},"23":{"loc":{"start":{"line":202,"column":4},"end":{"line":204,"column":5}},"type":"if","locations":[{"start":{"line":202,"column":4},"end":{"line":204,"column":5}},{"start":{},"end":{}}],"line":202},"24":{"loc":{"start":{"line":202,"column":8},"end":{"line":202,"column":46}},"type":"binary-expr","locations":[{"start":{"line":202,"column":8},"end":{"line":202,"column":16}},{"start":{"line":202,"column":20},"end":{"line":202,"column":46}}],"line":202},"25":{"loc":{"start":{"line":206,"column":4},"end":{"line":209,"column":5}},"type":"if","locations":[{"start":{"line":206,"column":4},"end":{"line":209,"column":5}},{"start":{},"end":{}}],"line":206},"26":{"loc":{"start":{"line":216,"column":28},"end":{"line":216,"column":58}},"type":"binary-expr","locations":[{"start":{"line":216,"column":28},"end":{"line":216,"column":52}},{"start":{"line":216,"column":56},"end":{"line":216,"column":58}}],"line":216},"27":{"loc":{"start":{"line":218,"column":13},"end":{"line":218,"column":40}},"type":"binary-expr","locations":[{"start":{"line":218,"column":13},"end":{"line":218,"column":34}},{"start":{"line":218,"column":38},"end":{"line":218,"column":40}}],"line":218},"28":{"loc":{"start":{"line":219,"column":12},"end":{"line":219,"column":78}},"type":"cond-expr","locations":[{"start":{"line":219,"column":35},"end":{"line":219,"column":65}},{"start":{"line":219,"column":68},"end":{"line":219,"column":78}}],"line":219},"29":{"loc":{"start":{"line":220,"column":20},"end":{"line":220,"column":99}},"type":"cond-expr","locations":[{"start":{"line":220,"column":66},"end":{"line":220,"column":94}},{"start":{"line":220,"column":97},"end":{"line":220,"column":99}}],"line":220},"30":{"loc":{"start":{"line":221,"column":19},"end":{"line":221,"column":57}},"type":"binary-expr","locations":[{"start":{"line":221,"column":19},"end":{"line":221,"column":46}},{"start":{"line":221,"column":50},"end":{"line":221,"column":57}}],"line":221},"31":{"loc":{"start":{"line":222,"column":16},"end":{"line":222,"column":46}},"type":"binary-expr","locations":[{"start":{"line":222,"column":16},"end":{"line":222,"column":40}},{"start":{"line":222,"column":44},"end":{"line":222,"column":46}}],"line":222},"32":{"loc":{"start":{"line":223,"column":16},"end":{"line":225,"column":53}},"type":"cond-expr","locations":[{"start":{"line":224,"column":10},"end":{"line":224,"column":34}},{"start":{"line":225,"column":10},"end":{"line":225,"column":53}}],"line":223},"33":{"loc":{"start":{"line":225,"column":10},"end":{"line":225,"column":53}},"type":"binary-expr","locations":[{"start":{"line":225,"column":10},"end":{"line":225,"column":48}},{"start":{"line":225,"column":52},"end":{"line":225,"column":53}}],"line":225},"34":{"loc":{"start":{"line":231,"column":15},"end":{"line":231,"column":41}},"type":"binary-expr","locations":[{"start":{"line":231,"column":15},"end":{"line":231,"column":35}},{"start":{"line":231,"column":39},"end":{"line":231,"column":41}}],"line":231},"35":{"loc":{"start":{"line":232,"column":17},"end":{"line":232,"column":45}},"type":"binary-expr","locations":[{"start":{"line":232,"column":17},"end":{"line":232,"column":39}},{"start":{"line":232,"column":43},"end":{"line":232,"column":45}}],"line":232},"36":{"loc":{"start":{"line":248,"column":24},"end":{"line":248,"column":59}},"type":"binary-expr","locations":[{"start":{"line":248,"column":24},"end":{"line":248,"column":54}},{"start":{"line":248,"column":58},"end":{"line":248,"column":59}}],"line":248},"37":{"loc":{"start":{"line":258,"column":4},"end":{"line":260,"column":5}},"type":"if","locations":[{"start":{"line":258,"column":4},"end":{"line":260,"column":5}},{"start":{},"end":{}}],"line":258},"38":{"loc":{"start":{"line":258,"column":8},"end":{"line":258,"column":69}},"type":"binary-expr","locations":[{"start":{"line":258,"column":8},"end":{"line":258,"column":26}},{"start":{"line":258,"column":30},"end":{"line":258,"column":69}}],"line":258},"39":{"loc":{"start":{"line":262,"column":4},"end":{"line":264,"column":5}},"type":"if","locations":[{"start":{"line":262,"column":4},"end":{"line":264,"column":5}},{"start":{},"end":{}}],"line":262},"40":{"loc":{"start":{"line":276,"column":4},"end":{"line":278,"column":5}},"type":"if","locations":[{"start":{"line":276,"column":4},"end":{"line":278,"column":5}},{"start":{},"end":{}}],"line":276},"41":{"loc":{"start":{"line":276,"column":8},"end":{"line":276,"column":77}},"type":"binary-expr","locations":[{"start":{"line":276,"column":9},"end":{"line":276,"column":11}},{"start":{"line":276,"column":15},"end":{"line":276,"column":36}},{"start":{"line":276,"column":41},"end":{"line":276,"column":53}},{"start":{"line":276,"column":57},"end":{"line":276,"column":66}},{"start":{"line":276,"column":70},"end":{"line":276,"column":77}}],"line":276},"42":{"loc":{"start":{"line":280,"column":4},"end":{"line":282,"column":5}},"type":"if","locations":[{"start":{"line":280,"column":4},"end":{"line":282,"column":5}},{"start":{},"end":{}}],"line":280},"43":{"loc":{"start":{"line":280,"column":8},"end":{"line":280,"column":32}},"type":"binary-expr","locations":[{"start":{"line":280,"column":8},"end":{"line":280,"column":9}},{"start":{"line":280,"column":13},"end":{"line":280,"column":32}}],"line":280},"44":{"loc":{"start":{"line":289,"column":4},"end":{"line":291,"column":5}},"type":"if","locations":[{"start":{"line":289,"column":4},"end":{"line":291,"column":5}},{"start":{},"end":{}}],"line":289},"45":{"loc":{"start":{"line":293,"column":4},"end":{"line":297,"column":5}},"type":"if","locations":[{"start":{"line":293,"column":4},"end":{"line":297,"column":5}},{"start":{},"end":{}}],"line":293},"46":{"loc":{"start":{"line":293,"column":8},"end":{"line":293,"column":26}},"type":"binary-expr","locations":[{"start":{"line":293,"column":8},"end":{"line":293,"column":16}},{"start":{"line":293,"column":20},"end":{"line":293,"column":26}}],"line":293},"47":{"loc":{"start":{"line":295,"column":6},"end":{"line":295,"column":80}},"type":"if","locations":[{"start":{"line":295,"column":6},"end":{"line":295,"column":80}},{"start":{},"end":{}}],"line":295},"48":{"loc":{"start":{"line":296,"column":6},"end":{"line":296,"column":76}},"type":"if","locations":[{"start":{"line":296,"column":6},"end":{"line":296,"column":76}},{"start":{},"end":{}}],"line":296},"49":{"loc":{"start":{"line":300,"column":4},"end":{"line":311,"column":5}},"type":"if","locations":[{"start":{"line":300,"column":4},"end":{"line":311,"column":5}},{"start":{},"end":{}}],"line":300},"50":{"loc":{"start":{"line":300,"column":8},"end":{"line":300,"column":33}},"type":"binary-expr","locations":[{"start":{"line":300,"column":8},"end":{"line":300,"column":9}},{"start":{"line":300,"column":13},"end":{"line":300,"column":33}}],"line":300},"51":{"loc":{"start":{"line":320,"column":19},"end":{"line":320,"column":41}},"type":"binary-expr","locations":[{"start":{"line":320,"column":19},"end":{"line":320,"column":35}},{"start":{"line":320,"column":39},"end":{"line":320,"column":41}}],"line":320},"52":{"loc":{"start":{"line":322,"column":20},"end":{"line":324,"column":18}},"type":"cond-expr","locations":[{"start":{"line":322,"column":34},"end":{"line":324,"column":14}},{"start":{"line":324,"column":17},"end":{"line":324,"column":18}}],"line":322},"53":{"loc":{"start":{"line":322,"column":35},"end":{"line":322,"column":55}},"type":"binary-expr","locations":[{"start":{"line":322,"column":35},"end":{"line":322,"column":49}},{"start":{"line":322,"column":53},"end":{"line":322,"column":55}}],"line":322},"54":{"loc":{"start":{"line":323,"column":8},"end":{"line":323,"column":68}},"type":"binary-expr","locations":[{"start":{"line":323,"column":8},"end":{"line":323,"column":39}},{"start":{"line":323,"column":43},"end":{"line":323,"column":68}}],"line":323},"55":{"loc":{"start":{"line":325,"column":24},"end":{"line":325,"column":108}},"type":"cond-expr","locations":[{"start":{"line":325,"column":38},"end":{"line":325,"column":104}},{"start":{"line":325,"column":107},"end":{"line":325,"column":108}}],"line":325},"56":{"loc":{"start":{"line":325,"column":39},"end":{"line":325,"column":63}},"type":"binary-expr","locations":[{"start":{"line":325,"column":39},"end":{"line":325,"column":57}},{"start":{"line":325,"column":61},"end":{"line":325,"column":63}}],"line":325},"57":{"loc":{"start":{"line":326,"column":19},"end":{"line":326,"column":39}},"type":"binary-expr","locations":[{"start":{"line":326,"column":19},"end":{"line":326,"column":33}},{"start":{"line":326,"column":37},"end":{"line":326,"column":39}}],"line":326},"58":{"loc":{"start":{"line":327,"column":23},"end":{"line":327,"column":47}},"type":"binary-expr","locations":[{"start":{"line":327,"column":23},"end":{"line":327,"column":41}},{"start":{"line":327,"column":45},"end":{"line":327,"column":47}}],"line":327},"59":{"loc":{"start":{"line":330,"column":54},"end":{"line":330,"column":61}},"type":"binary-expr","locations":[{"start":{"line":330,"column":54},"end":{"line":330,"column":55}},{"start":{"line":330,"column":59},"end":{"line":330,"column":61}}],"line":330},"60":{"loc":{"start":{"line":345,"column":4},"end":{"line":347,"column":5}},"type":"if","locations":[{"start":{"line":345,"column":4},"end":{"line":347,"column":5}},{"start":{},"end":{}}],"line":345},"61":{"loc":{"start":{"line":368,"column":4},"end":{"line":374,"column":5}},"type":"if","locations":[{"start":{"line":368,"column":4},"end":{"line":374,"column":5}},{"start":{},"end":{}}],"line":368},"62":{"loc":{"start":{"line":368,"column":8},"end":{"line":368,"column":59}},"type":"binary-expr","locations":[{"start":{"line":368,"column":8},"end":{"line":368,"column":14}},{"start":{"line":368,"column":18},"end":{"line":368,"column":59}}],"line":368},"63":{"loc":{"start":{"line":382,"column":4},"end":{"line":384,"column":5}},"type":"if","locations":[{"start":{"line":382,"column":4},"end":{"line":384,"column":5}},{"start":{},"end":{}}],"line":382},"64":{"loc":{"start":{"line":386,"column":4},"end":{"line":388,"column":5}},"type":"if","locations":[{"start":{"line":386,"column":4},"end":{"line":388,"column":5}},{"start":{},"end":{}}],"line":386},"65":{"loc":{"start":{"line":386,"column":8},"end":{"line":386,"column":64}},"type":"binary-expr","locations":[{"start":{"line":386,"column":8},"end":{"line":386,"column":25}},{"start":{"line":386,"column":29},"end":{"line":386,"column":64}}],"line":386},"66":{"loc":{"start":{"line":390,"column":4},"end":{"line":393,"column":5}},"type":"if","locations":[{"start":{"line":390,"column":4},"end":{"line":393,"column":5}},{"start":{},"end":{}}],"line":390},"67":{"loc":{"start":{"line":398,"column":23},"end":{"line":398,"column":49}},"type":"binary-expr","locations":[{"start":{"line":398,"column":23},"end":{"line":398,"column":43}},{"start":{"line":398,"column":47},"end":{"line":398,"column":49}}],"line":398},"68":{"loc":{"start":{"line":399,"column":25},"end":{"line":399,"column":53}},"type":"binary-expr","locations":[{"start":{"line":399,"column":25},"end":{"line":399,"column":47}},{"start":{"line":399,"column":51},"end":{"line":399,"column":53}}],"line":399},"69":{"loc":{"start":{"line":420,"column":4},"end":{"line":422,"column":5}},"type":"if","locations":[{"start":{"line":420,"column":4},"end":{"line":422,"column":5}},{"start":{},"end":{}}],"line":420},"70":{"loc":{"start":{"line":424,"column":4},"end":{"line":426,"column":5}},"type":"if","locations":[{"start":{"line":424,"column":4},"end":{"line":426,"column":5}},{"start":{},"end":{}}],"line":424},"71":{"loc":{"start":{"line":424,"column":8},"end":{"line":424,"column":65}},"type":"binary-expr","locations":[{"start":{"line":424,"column":8},"end":{"line":424,"column":26}},{"start":{"line":424,"column":30},"end":{"line":424,"column":65}}],"line":424},"72":{"loc":{"start":{"line":428,"column":4},"end":{"line":430,"column":5}},"type":"if","locations":[{"start":{"line":428,"column":4},"end":{"line":430,"column":5}},{"start":{},"end":{}}],"line":428},"73":{"loc":{"start":{"line":428,"column":8},"end":{"line":428,"column":74}},"type":"binary-expr","locations":[{"start":{"line":428,"column":8},"end":{"line":428,"column":38}},{"start":{"line":428,"column":42},"end":{"line":428,"column":74}}],"line":428},"74":{"loc":{"start":{"line":434,"column":4},"end":{"line":436,"column":5}},"type":"if","locations":[{"start":{"line":434,"column":4},"end":{"line":436,"column":5}},{"start":{},"end":{}}],"line":434},"75":{"loc":{"start":{"line":462,"column":4},"end":{"line":464,"column":5}},"type":"if","locations":[{"start":{"line":462,"column":4},"end":{"line":464,"column":5}},{"start":{},"end":{}}],"line":462},"76":{"loc":{"start":{"line":466,"column":4},"end":{"line":468,"column":5}},"type":"if","locations":[{"start":{"line":466,"column":4},"end":{"line":468,"column":5}},{"start":{},"end":{}}],"line":466},"77":{"loc":{"start":{"line":472,"column":4},"end":{"line":472,"column":58}},"type":"if","locations":[{"start":{"line":472,"column":4},"end":{"line":472,"column":58}},{"start":{},"end":{}}],"line":472},"78":{"loc":{"start":{"line":473,"column":4},"end":{"line":473,"column":64}},"type":"if","locations":[{"start":{"line":473,"column":4},"end":{"line":473,"column":64}},{"start":{},"end":{}}],"line":473},"79":{"loc":{"start":{"line":475,"column":4},"end":{"line":487,"column":5}},"type":"if","locations":[{"start":{"line":475,"column":4},"end":{"line":487,"column":5}},{"start":{},"end":{}}],"line":475},"80":{"loc":{"start":{"line":475,"column":8},"end":{"line":475,"column":37}},"type":"binary-expr","locations":[{"start":{"line":475,"column":8},"end":{"line":475,"column":13}},{"start":{"line":475,"column":17},"end":{"line":475,"column":37}}],"line":475},"81":{"loc":{"start":{"line":478,"column":23},"end":{"line":478,"column":42}},"type":"binary-expr","locations":[{"start":{"line":478,"column":23},"end":{"line":478,"column":36}},{"start":{"line":478,"column":40},"end":{"line":478,"column":42}}],"line":478},"82":{"loc":{"start":{"line":479,"column":17},"end":{"line":479,"column":30}},"type":"binary-expr","locations":[{"start":{"line":479,"column":17},"end":{"line":479,"column":24}},{"start":{"line":479,"column":28},"end":{"line":479,"column":30}}],"line":479},"83":{"loc":{"start":{"line":481,"column":20},"end":{"line":481,"column":90}},"type":"cond-expr","locations":[{"start":{"line":481,"column":69},"end":{"line":481,"column":79}},{"start":{"line":481,"column":82},"end":{"line":481,"column":90}}],"line":481},"84":{"loc":{"start":{"line":482,"column":18},"end":{"line":482,"column":99}},"type":"cond-expr","locations":[{"start":{"line":482,"column":79},"end":{"line":482,"column":87}},{"start":{"line":482,"column":90},"end":{"line":482,"column":99}}],"line":482},"85":{"loc":{"start":{"line":529,"column":4},"end":{"line":531,"column":5}},"type":"if","locations":[{"start":{"line":529,"column":4},"end":{"line":531,"column":5}},{"start":{},"end":{}}],"line":529},"86":{"loc":{"start":{"line":533,"column":4},"end":{"line":535,"column":5}},"type":"if","locations":[{"start":{"line":533,"column":4},"end":{"line":535,"column":5}},{"start":{},"end":{}}],"line":533},"87":{"loc":{"start":{"line":540,"column":4},"end":{"line":540,"column":58}},"type":"if","locations":[{"start":{"line":540,"column":4},"end":{"line":540,"column":58}},{"start":{},"end":{}}],"line":540},"88":{"loc":{"start":{"line":541,"column":4},"end":{"line":541,"column":64}},"type":"if","locations":[{"start":{"line":541,"column":4},"end":{"line":541,"column":64}},{"start":{},"end":{}}],"line":541},"89":{"loc":{"start":{"line":543,"column":4},"end":{"line":555,"column":5}},"type":"if","locations":[{"start":{"line":543,"column":4},"end":{"line":555,"column":5}},{"start":{},"end":{}}],"line":543},"90":{"loc":{"start":{"line":543,"column":8},"end":{"line":543,"column":37}},"type":"binary-expr","locations":[{"start":{"line":543,"column":8},"end":{"line":543,"column":13}},{"start":{"line":543,"column":17},"end":{"line":543,"column":37}}],"line":543},"91":{"loc":{"start":{"line":546,"column":23},"end":{"line":546,"column":42}},"type":"binary-expr","locations":[{"start":{"line":546,"column":23},"end":{"line":546,"column":36}},{"start":{"line":546,"column":40},"end":{"line":546,"column":42}}],"line":546},"92":{"loc":{"start":{"line":547,"column":17},"end":{"line":547,"column":30}},"type":"binary-expr","locations":[{"start":{"line":547,"column":17},"end":{"line":547,"column":24}},{"start":{"line":547,"column":28},"end":{"line":547,"column":30}}],"line":547},"93":{"loc":{"start":{"line":549,"column":20},"end":{"line":549,"column":90}},"type":"cond-expr","locations":[{"start":{"line":549,"column":69},"end":{"line":549,"column":79}},{"start":{"line":549,"column":82},"end":{"line":549,"column":90}}],"line":549},"94":{"loc":{"start":{"line":550,"column":18},"end":{"line":550,"column":99}},"type":"cond-expr","locations":[{"start":{"line":550,"column":79},"end":{"line":550,"column":87}},{"start":{"line":550,"column":90},"end":{"line":550,"column":99}}],"line":550}},"s":{"0":1,"1":1,"2":1,"3":1,"4":1,"5":1,"6":1,"7":1,"8":1,"9":1,"10":1,"11":1,"12":1,"13":1,"14":0,"15":1,"16":1,"17":0,"18":0,"19":0,"20":0,"21":0,"22":0,"23":0,"24":0,"25":0,"26":0,"27":0,"28":0,"29":0,"30":0,"31":0,"32":0,"33":0,"34":0,"35":0,"36":0,"37":0,"38":0,"39":0,"40":0,"41":0,"42":0,"43":0,"44":0,"45":0,"46":0,"47":0,"48":0,"49":0,"50":0,"51":0,"52":0,"53":0,"54":0,"55":0,"56":0,"57":0,"58":0,"59":0,"60":0,"61":0,"62":0,"63":0,"64":0,"65":0,"66":0,"67":0,"68":0,"69":0,"70":0,"71":0,"72":0,"73":0,"74":0,"75":0,"76":1,"77":0,"78":0,"79":0,"80":0,"81":0,"82":0,"83":0,"84":0,"85":0,"86":0,"87":0,"88":0,"89":0,"90":0,"91":0,"92":0,"93":0,"94":0,"95":0,"96":0,"97":0,"98":0,"99":0,"100":0,"101":0,"102":1,"103":0,"104":0,"105":0,"106":0,"107":0,"108":0,"109":0,"110":0,"111":0,"112":0,"113":0,"114":0,"115":0,"116":0,"117":0,"118":0,"119":0,"120":0,"121":0,"122":0,"123":0,"124":0,"125":0,"126":0,"127":0,"128":0,"129":0,"130":1,"131":0,"132":0,"133":0,"134":0,"135":0,"136":0,"137":0,"138":1,"139":1,"140":1,"141":0,"142":0,"143":0,"144":0,"145":0,"146":0,"147":0,"148":0,"149":0,"150":0,"151":0,"152":0,"153":0,"154":0,"155":0,"156":0,"157":0,"158":0,"159":0,"160":0,"161":0,"162":0,"163":0,"164":0,"165":0,"166":0,"167":0,"168":0,"169":0,"170":0,"171":0,"172":0,"173":0,"174":0,"175":0,"176":0,"177":1,"178":0,"179":0,"180":0,"181":0,"182":0,"183":0,"184":0,"185":0,"186":0,"187":0,"188":0,"189":0,"190":0,"191":0,"192":0,"193":0,"194":0,"195":0,"196":0,"197":0,"198":1,"199":0,"200":0,"201":0,"202":0,"203":0,"204":0,"205":0,"206":0,"207":0,"208":0,"209":0,"210":0,"211":0,"212":0,"213":0,"214":0,"215":0,"216":0,"217":0,"218":0,"219":0,"220":0,"221":1},"f":{"0":0,"1":0,"2":0,"3":0,"4":0,"5":0,"6":0,"7":0,"8":0,"9":0,"10":0,"11":0,"12":0,"13":0,"14":0,"15":0,"16":0,"17":0},"b":{"0":[0,1],"1":[0,0],"2":[0,0,0],"3":[0,0],"4":[0,0],"5":[0,0],"6":[0,0],"7":[0,0],"8":[0,0],"9":[0,0],"10":[0,0],"11":[0,0],"12":[0,0],"13":[0,0],"14":[0,0],"15":[0,0],"16":[0,0],"17":[0,0],"18":[0,0],"19":[0,0],"20":[0,0],"21":[0,0],"22":[0,0],"23":[0,0],"24":[0,0],"25":[0,0],"26":[0,0],"27":[0,0],"28":[0,0],"29":[0,0],"30":[0,0],"31":[0,0],"32":[0,0],"33":[0,0],"34":[0,0],"35":[0,0],"36":[0,0],"37":[0,0],"38":[0,0],"39":[0,0],"40":[0,0],"41":[0,0,0,0,0],"42":[0,0],"43":[0,0],"44":[0,0],"45":[0,0],"46":[0,0],"47":[0,0],"48":[0,0],"49":[0,0],"50":[0,0],"51":[0,0],"52":[0,0],"53":[0,0],"54":[0,0],"55":[0,0],"56":[0,0],"57":[0,0],"58":[0,0],"59":[0,0],"60":[0,0],"61":[0,0],"62":[0,0],"63":[0,0],"64":[0,0],"65":[0,0],"66":[0,0],"67":[0,0],"68":[0,0],"69":[0,0],"70":[0,0],"71":[0,0],"72":[0,0],"73":[0,0],"74":[0,0],"75":[0,0],"76":[0,0],"77":[0,0],"78":[0,0],"79":[0,0],"80":[0,0],"81":[0,0],"82":[0,0],"83":[0,0],"84":[0,0],"85":[0,0],"86":[0,0],"87":[0,0],"88":[0,0],"89":[0,0],"90":[0,0],"91":[0,0],"92":[0,0],"93":[0,0],"94":[0,0]},"_coverageSchema":"1a1c01bbd47fc00a2c39e90264f33305004495a9","hash":"9ed6451ee71001fd62544a05256511c3a7210801"}
,"D:\\hack\\freelancers-hackathon\\backend\\routes\\analytics.js": {"path":"D:\\hack\\freelancers-hackathon\\backend\\routes\\analytics.js","statementMap":{"0":{"start":{"line":1,"column":16},"end":{"line":1,"column":34}},"1":{"start":{"line":2,"column":13},"end":{"line":2,"column":42}},"2":{"start":{"line":3,"column":17},"end":{"line":3,"column":46}},"3":{"start":{"line":5,"column":15},"end":{"line":5,"column":31}},"4":{"start":{"line":6,"column":0},"end":{"line":6,"column":17}},"5":{"start":{"line":9,"column":0},"end":{"line":64,"column":3}},"6":{"start":{"line":10,"column":2},"end":{"line":63,"column":3}},"7":{"start":{"line":11,"column":19},"end":{"line":11,"column":31}},"8":{"start":{"line":14,"column":21},"end":{"line":14,"column":71}},"9":{"start":{"line":17,"column":21},"end":{"line":17,"column":57}},"10":{"start":{"line":17,"column":43},"end":{"line":17,"column":56}},"11":{"start":{"line":19,"column":23},"end":{"line":19,"column":38}},"12":{"start":{"line":20,"column":27},"end":{"line":20,"column":80}},"13":{"start":{"line":20,"column":48},"end":{"line":20,"column":72}},"14":{"start":{"line":21,"column":28},"end":{"line":21,"column":83}},"15":{"start":{"line":21,"column":49},"end":{"line":21,"column":75}},"16":{"start":{"line":22,"column":25},"end":{"line":22,"column":76}},"17":{"start":{"line":22,"column":46},"end":{"line":22,"column":68}},"18":{"start":{"line":24,"column":25},"end":{"line":24,"column":75}},"19":{"start":{"line":24,"column":46},"end":{"line":24,"column":67}},"20":{"start":{"line":25,"column":27},"end":{"line":25,"column":79}},"21":{"start":{"line":25,"column":48},"end":{"line":25,"column":71}},"22":{"start":{"line":26,"column":24},"end":{"line":26,"column":73}},"23":{"start":{"line":26,"column":45},"end":{"line":26,"column":65}},"24":{"start":{"line":29,"column":16},"end":{"line":29,"column":26}},"25":{"start":{"line":30,"column":25},"end":{"line":32,"column":12}},"26":{"start":{"line":31,"column":6},"end":{"line":31,"column":74}},"27":{"start":{"line":35,"column":27},"end":{"line":37,"column":9}},"28":{"start":{"line":39,"column":4},"end":{"line":59,"column":7}},"29":{"start":{"line":61,"column":4},"end":{"line":61,"column":52}},"30":{"start":{"line":62,"column":4},"end":{"line":62,"column":67}},"31":{"start":{"line":67,"column":0},"end":{"line":111,"column":3}},"32":{"start":{"line":68,"column":2},"end":{"line":110,"column":3}},"33":{"start":{"line":69,"column":19},"end":{"line":69,"column":31}},"34":{"start":{"line":70,"column":26},"end":{"line":70,"column":35}},"35":{"start":{"line":72,"column":22},"end":{"line":72,"column":32}},"36":{"start":{"line":73,"column":4},"end":{"line":73,"column":60}},"37":{"start":{"line":75,"column":21},"end":{"line":79,"column":31}},"38":{"start":{"line":82,"column":20},"end":{"line":82,"column":29}},"39":{"start":{"line":84,"column":4},"end":{"line":102,"column":7}},"40":{"start":{"line":85,"column":19},"end":{"line":85,"column":77}},"41":{"start":{"line":87,"column":6},"end":{"line":95,"column":7}},"42":{"start":{"line":88,"column":8},"end":{"line":94,"column":11}},"43":{"start":{"line":97,"column":22},"end":{"line":97,"column":39}},"44":{"start":{"line":98,"column":6},"end":{"line":98,"column":28}},"45":{"start":{"line":99,"column":6},"end":{"line":99,"column":52}},"46":{"start":{"line":100,"column":6},"end":{"line":100,"column":92}},"47":{"start":{"line":100,"column":59},"end":{"line":100,"column":83}},"48":{"start":{"line":101,"column":6},"end":{"line":101,"column":53}},"49":{"start":{"line":104,"column":19},"end":{"line":104,"column":47}},"50":{"start":{"line":106,"column":4},"end":{"line":106,"column":25}},"51":{"start":{"line":108,"column":4},"end":{"line":108,"column":50}},"52":{"start":{"line":109,"column":4},"end":{"line":109,"column":64}},"53":{"start":{"line":114,"column":0},"end":{"line":159,"column":3}},"54":{"start":{"line":115,"column":2},"end":{"line":158,"column":3}},"55":{"start":{"line":116,"column":19},"end":{"line":116,"column":31}},"56":{"start":{"line":118,"column":21},"end":{"line":118,"column":71}},"57":{"start":{"line":119,"column":21},"end":{"line":119,"column":57}},"58":{"start":{"line":119,"column":43},"end":{"line":119,"column":56}},"59":{"start":{"line":122,"column":21},"end":{"line":122,"column":30}},"60":{"start":{"line":124,"column":4},"end":{"line":144,"column":7}},"61":{"start":{"line":125,"column":20},"end":{"line":125,"column":46}},"62":{"start":{"line":127,"column":6},"end":{"line":136,"column":7}},"63":{"start":{"line":128,"column":8},"end":{"line":135,"column":11}},"64":{"start":{"line":138,"column":24},"end":{"line":138,"column":43}},"65":{"start":{"line":139,"column":6},"end":{"line":139,"column":27}},"66":{"start":{"line":141,"column":6},"end":{"line":141,"column":64}},"67":{"start":{"line":141,"column":39},"end":{"line":141,"column":64}},"68":{"start":{"line":142,"column":6},"end":{"line":142,"column":67}},"69":{"start":{"line":142,"column":41},"end":{"line":142,"column":67}},"70":{"start":{"line":143,"column":6},"end":{"line":143,"column":60}},"71":{"start":{"line":143,"column":37},"end":{"line":143,"column":60}},"72":{"start":{"line":147,"column":28},"end":{"line":152,"column":41}},"73":{"start":{"line":147,"column":71},"end":{"line":152,"column":5}},"74":{"start":{"line":152,"column":23},"end":{"line":152,"column":40}},"75":{"start":{"line":154,"column":4},"end":{"line":154,"column":34}},"76":{"start":{"line":156,"column":4},"end":{"line":156,"column":50}},"77":{"start":{"line":157,"column":4},"end":{"line":157,"column":74}},"78":{"start":{"line":161,"column":0},"end":{"line":161,"column":24}}},"fnMap":{"0":{"name":"(anonymous_0)","decl":{"start":{"line":9,"column":24},"end":{"line":9,"column":25}},"loc":{"start":{"line":9,"column":44},"end":{"line":64,"column":1}},"line":9},"1":{"name":"(anonymous_1)","decl":{"start":{"line":17,"column":38},"end":{"line":17,"column":39}},"loc":{"start":{"line":17,"column":43},"end":{"line":17,"column":56}},"line":17},"2":{"name":"(anonymous_2)","decl":{"start":{"line":20,"column":43},"end":{"line":20,"column":44}},"loc":{"start":{"line":20,"column":48},"end":{"line":20,"column":72}},"line":20},"3":{"name":"(anonymous_3)","decl":{"start":{"line":21,"column":44},"end":{"line":21,"column":45}},"loc":{"start":{"line":21,"column":49},"end":{"line":21,"column":75}},"line":21},"4":{"name":"(anonymous_4)","decl":{"start":{"line":22,"column":41},"end":{"line":22,"column":42}},"loc":{"start":{"line":22,"column":46},"end":{"line":22,"column":68}},"line":22},"5":{"name":"(anonymous_5)","decl":{"start":{"line":24,"column":41},"end":{"line":24,"column":42}},"loc":{"start":{"line":24,"column":46},"end":{"line":24,"column":67}},"line":24},"6":{"name":"(anonymous_6)","decl":{"start":{"line":25,"column":43},"end":{"line":25,"column":44}},"loc":{"start":{"line":25,"column":48},"end":{"line":25,"column":71}},"line":25},"7":{"name":"(anonymous_7)","decl":{"start":{"line":26,"column":40},"end":{"line":26,"column":41}},"loc":{"start":{"line":26,"column":45},"end":{"line":26,"column":65}},"line":26},"8":{"name":"(anonymous_8)","decl":{"start":{"line":30,"column":41},"end":{"line":30,"column":42}},"loc":{"start":{"line":31,"column":6},"end":{"line":31,"column":74}},"line":31},"9":{"name":"(anonymous_9)","decl":{"start":{"line":67,"column":22},"end":{"line":67,"column":23}},"loc":{"start":{"line":67,"column":42},"end":{"line":111,"column":1}},"line":67},"10":{"name":"(anonymous_10)","decl":{"start":{"line":84,"column":21},"end":{"line":84,"column":22}},"loc":{"start":{"line":84,"column":33},"end":{"line":102,"column":5}},"line":84},"11":{"name":"(anonymous_11)","decl":{"start":{"line":100,"column":54},"end":{"line":100,"column":55}},"loc":{"start":{"line":100,"column":59},"end":{"line":100,"column":83}},"line":100},"12":{"name":"(anonymous_12)","decl":{"start":{"line":114,"column":32},"end":{"line":114,"column":33}},"loc":{"start":{"line":114,"column":52},"end":{"line":159,"column":1}},"line":114},"13":{"name":"(anonymous_13)","decl":{"start":{"line":119,"column":38},"end":{"line":119,"column":39}},"loc":{"start":{"line":119,"column":43},"end":{"line":119,"column":56}},"line":119},"14":{"name":"(anonymous_14)","decl":{"start":{"line":124,"column":21},"end":{"line":124,"column":22}},"loc":{"start":{"line":124,"column":29},"end":{"line":144,"column":5}},"line":124},"15":{"name":"(anonymous_15)","decl":{"start":{"line":147,"column":62},"end":{"line":147,"column":63}},"loc":{"start":{"line":147,"column":71},"end":{"line":152,"column":5}},"line":147},"16":{"name":"(anonymous_16)","decl":{"start":{"line":152,"column":13},"end":{"line":152,"column":14}},"loc":{"start":{"line":152,"column":23},"end":{"line":152,"column":40}},"line":152}},"branchMap":{"0":{"loc":{"start":{"line":17,"column":43},"end":{"line":17,"column":56}},
[...]
58,"column":4},"end":{"line":258,"column":79}},"77":{"start":{"line":258,"column":31},"end":{"line":258,"column":79}},"78":{"start":{"line":259,"column":4},"end":{"line":259,"column":75}},"79":{"start":{"line":259,"column":31},"end":{"line":259,"column":75}},"80":{"start":{"line":260,"column":4},"end":{"line":260,"column":84}},"81":{"start":{"line":260,"column":45},"end":{"line":260,"column":84}},"82":{"start":{"line":262,"column":4},"end":{"line":262,"column":20}},"83":{"start":{"line":269,"column":4},"end":{"line":269,"column":18}},"84":{"start":{"line":270,"column":4},"end":{"line":270,"column":20}},"85":{"start":{"line":271,"column":4},"end":{"line":271,"column":23}},"86":{"start":{"line":275,"column":4},"end":{"line":275,"column":16}},"87":{"start":{"line":279,"column":4},"end":{"line":279,"column":18}},"88":{"start":{"line":283,"column":4},"end":{"line":283,"column":21}},"89":{"start":{"line":287,"column":18},"end":{"line":287,"column":41}},"90":{"start":{"line":288,"column":4},"end":{"line":294,"column":6}},"91":{"start":{"line":298,"column":4},"end":{"line":298,"column":18}},"92":{"start":{"line":299,"column":4},"end":{"line":299,"column":20}},"93":{"start":{"line":300,"column":4},"end":{"line":300,"column":23}},"94":{"start":{"line":304,"column":0},"end":{"line":311,"column":2}}},"fnMap":{"0":{"name":"(anonymous_0)","decl":{"start":{"line":8,"column":2},"end":{"line":8,"column":3}},"loc":{"start":{"line":8,"column":16},"end":{"line":16,"column":3}},"line":8},"1":{"name":"(anonymous_1)","decl":{"start":{"line":21,"column":2},"end":{"line":21,"column":3}},"loc":{"start":{"line":21,"column":46},"end":{"line":38,"column":3}},"line":21},"2":{"name":"(anonymous_2)","decl":{"start":{"line":43,"column":2},"end":{"line":43,"column":3}},"loc":{"start":{"line":43,"column":41},"end":{"line":55,"column":3}},"line":43},"3":{"name":"(anonymous_3)","decl":{"start":{"line":60,"column":2},"end":{"line":60,"column":3}},"loc":{"start":{"line":60,"column":23},"end":{"line":76,"column":3}},"line":60},"4":{"name":"(anonymous_4)","decl":{"start":{"line":64,"column":33},"end":{"line":64,"column":34}},"loc":{"start":{"line":64,"column":38},"end":{"line":64,"column":48}},"line":64},"5":{"name":"(anonymous_5)","decl":{"start":{"line":65,"column":39},"end":{"line":65,"column":40}},"loc":{"start":{"line":65,"column":49},"end":{"line":65,"column":54}},"line":65},"6":{"name":"(anonymous_6)","decl":{"start":{"line":71,"column":39},"end":{"line":71,"column":40}},"loc":{"start":{"line":71,"column":49},"end":{"line":71,"column":54}},"line":71},"7":{"name":"(anonymous_7)","decl":{"start":{"line":81,"column":2},"end":{"line":81,"column":3}},"loc":{"start":{"line":81,"column":15},"end":{"line":87,"column":3}},"line":81},"8":{"name":"(anonymous_8)","decl":{"start":{"line":92,"column":2},"end":{"line":92,"column":3}},"loc":{"start":{"line":92,"column":36},"end":{"line":102,"column":3}},"line":92},"9":{"name":"(anonymous_9)","decl":{"start":{"line":95,"column":37},"end":{"line":95,"column":38}},"loc":{"start":{"line":95,"column":42},"end":{"line":95,"column":72}},"line":95},"10":{"name":"(anonymous_10)","decl":{"start":{"line":107,"column":2},"end":{"line":107,"column":3}},"loc":{"start":{"line":107,"column":10},"end":{"line":109,"column":3}},"line":107},"11":{"name":"(anonymous_11)","decl":{"start":{"line":117,"column":2},"end":{"line":117,"column":3}},"loc":{"start":{"line":117,"column":44},"end":{"line":137,"column":3}},"line":117},"12":{"name":"(anonymous_12)","decl":{"start":{"line":142,"column":2},"end":{"line":142,"column":3}},"loc":{"start":{"line":142,"column":46},"end":{"line":166,"column":3}},"line":142},"13":{"name":"(anonymous_13)","decl":{"start":{"line":170,"column":30},"end":{"line":170,"column":31}},"loc":{"start":{"line":170,"column":43},"end":{"line":190,"column":1}},"line":170},"14":{"name":"(anonymous_14)","decl":{"start":{"line":171,"column":9},"end":{"line":171,"column":10}},"loc":{"start":{"line":171,"column":29},"end":{"line":189,"column":3}},"line":171},"15":{"name":"(anonymous_15)","decl":{"start":{"line":176,"column":15},"end":{"line":176,"column":16}},"loc":{"start":{"line":176,"column":30},"end":{"line":186,"column":5}},"line":176},"16":{"name":"(anonymous_16)","decl":{"start":{"line":194,"column":2},"end":{"line":194,"column":3}},"loc":{"start":{"line":194,"column":35},"end":{"line":201,"column":3}},"line":194},"17":{"name":"(anonymous_17)","decl":{"start":{"line":203,"column":2},"end":{"line":203,"column":3}},"loc":{"start":{"line":203,"column":29},"end":{"line":210,"column":3}},"line":203},"18":{"name":"(anonymous_18)","decl":{"start":{"line":212,"column":2},"end":{"line":212,"column":3}},"loc":{"start":{"line":212,"column":35},"end":{"line":237,"column":3}},"line":212},"19":{"name":"(anonymous_19)","decl":{"start":{"line":242,"column":2},"end":{"line":242,"column":3}},"loc":{"start":{"line":242,"column":33},"end":{"line":251,"column":3}},"line":242},"20":{"name":"(anonymous_20)","decl":{"start":{"line":253,"column":2},"end":{"line":253,"column":3}},"loc":{"start":{"line":253,"column":29},"end":{"line":263,"column":3}},"line":253},"21":{"name":"(anonymous_21)","decl":{"start":{"line":268,"column":2},"end":{"line":268,"column":3}},"loc":{"start":{"line":268,"column":16},"end":{"line":272,"column":3}},"line":268},"22":{"name":"(anonymous_22)","decl":{"start":{"line":274,"column":2},"end":{"line":274,"column":3}},"loc":{"start":{"line":274,"column":14},"end":{"line":276,"column":3}},"line":274},"23":{"name":"(anonymous_23)","decl":{"start":{"line":278,"column":2},"end":{"line":278,"column":3}},"loc":{"start":{"line":278,"column":15},"end":{"line":280,"column":3}},"line":278},"24":{"name":"(anonymous_24)","decl":{"start":{"line":282,"column":2},"end":{"line":282,"column":3}},"loc":{"start":{"line":282,"column":19},"end":{"line":284,"column":3}},"line":282},"25":{"name":"(anonymous_25)","decl":{"start":{"line":286,"column":2},"end":{"line":286,"column":3}},"loc":{"start":{"line":286,"column":13},"end":{"line":295,"column":3}},"line":286},"26":{"name":"(anonymous_26)","decl":{"start":{"line":297,"column":2},"end":{"line":297,"column":3}},"loc":{"start":{"line":297,"column":10},"end":{"line":301,"column":3}},"line":297}},"branchMap":{"0":{"loc":{"start":{"line":21,"column":31},"end":{"line":21,"column":44}},"type":"default-arg","locations":[{"start":{"line":21,"column":42},"end":{"line":21,"column":44}}],"line":21},"1":{"loc":{"start":{"line":22,"column":4},"end":{"line":24,"column":5}},"type":"if","locations":[{"start":{"line":22,"column":4},"end":{"line":24,"column":5}},{"start":{},"end":{}}],"line":22},"2":{"loc":{"start":{"line":35,"column":4},"end":{"line":37,"column":5}},"type":"if","locations":[{"start":{"line":35,"column":4},"end":{"line":37,"column":5}},{"start":{},"end":{}}],"line":35},"3":{"loc":{"start":{"line":35,"column":8},"end":{"line":35,"column":58}},"type":"binary-expr","locations":[{"start":{"line":35,"column":8},"end":{"line":35,"column":40}},{"start":{"line":35,"column":44},"end":{"line":35,"column":58}}],"line":35},"4":{"loc":{"start":{"line":43,"column":26},"end":{"line":43,"column":39}},"type":"default-arg","locations":[{"start":{"line":43,"column":37},"end":{"line":43,"column":39}}],"line":43},"5":{"loc":{"start":{"line":61,"column":19},"end":{"line":61,"column":47}},"type":"binary-expr","locations":[{"start":{"line":61,"column":19},"end":{"line":61,"column":41}},{"start":{"line":61,"column":45},"end":{"line":61,"column":47}}],"line":61},"6":{"loc":{"start":{"line":62,"column":4},"end":{"line":62,"column":41}},"type":"if","locations":[{"start":{"line":62,"column":4},"end":{"line":62,"column":41}},{"start":{},"end":{}}],"line":62},"7":{"loc":{"start":{"line":92,"column":18},"end":{"line":92,"column":34}},"type":"default-arg","locations":[{"start":{"line":92,"column":27},"end":{"line":92,"column":34}}],"line":92},"8":{"loc":{"start":{"line":96,"column":6},"end":{"line":100,"column":7}},"type":"if","locations":[{"start":{"line":96,"column":6},"end":{"line":100,"column":7}},{"start":{"line":98,"column":13},"end":{"line":100,"column":7}}],"line":96},"9":{"loc":{"start":{"line":120,"column":4},"end":{"line":122,"column":5}},"type":"if","locations":[{"start":{"line":120,"column":4},"end":{"line":122,"column":5}},{"start":{},"end":{}}],"line":120},"10":{"loc":{"start":{"line":124,"column":4},"end":{"line":126,"column":5}},"type":"if","locations":[{"start":{"line":124,"column":4},"end":{"line":126,"column":5}},{"start":{},"end":{}}],"line":124},"11":{"loc":{"start":{"line":124,"column":8},"end":{"line":124,"column":54}},"type":"binary-expr","locations":[{"start":{"line":124,"column":8},"end":{"line":124,"column":31}},{"start":{"line":124,"column":35},"end":{"line":124,"column":54}}],"line":124},"12":{"loc":{"start":{"line":128,"column":4},"end":{"line":130,"column":5}},"type":"if","locations":[{"start":{"line":128,"column":4},"end":{"line":130,"column":5}},{"start":{},"end":{}}],"line":128},"13":{"loc":{"start":{"line":128,"column":8},"end":{"line":128,"column":56}},"type":"binary-expr","locations":[{"start":{"line":128,"column":8},"end":{"line":128,"column":33}},{"start":{"line":128,"column":37},"end":{"line":128,"column":56}}],"line":128},"14":{"loc":{"start":{"line":132,"column":4},"end":{"line":134,"column":5}},"type":"if","locations":[{"start":{"line":132,"column":4},"end":{"line":134,"column":5}},{"start":{},"end":{}}],"line":132},"15":{"loc":{"start":{"line":150,"column":4},"end":{"line":153,"column":5}},"type":"if","locations":[{"start":{"line":150,"column":4},"end":{"line":153,"column":5}},{"start":{},"end":{}}],"line":150},"16":{"loc":{"start":{"line":155,"column":4},"end":{"line":158,"column":5}},"type":"if","locations":[{"start":{"line":155,"column":4},"end":{"line":158,"column":5}},{"start":{},"end":{}}],"line":155},"17":{"loc":{"start":{"line":160,"column":4},"end":{"line":163,"column":5}},"type":"if","locations":[{"start":{"line":160,"column":4},"end":{"line":163,"column":5}},{"start":{},"end":{}}],"line":160},"18":{"loc":{"start":{"line":258,"column":4},"end":{"line":258,"column":79}},"type":"if","locations":[{"start":{"line":258,"column":4},"end":{"line":258,"column":79}},{"start":{},"end":{}}],"line":258},"19":{"loc":{"start":{"line":259,"column":4},"end":{"line":259,"column":75}},"type":"if","locations":[{"start":{"line":259,"column":4},"end":{"line":259,"column":75}},{"start":{},"end":{}}],"line":259},"20":{"loc":{"start":{"line":260,"column":4},"end":{"line":260,"column":84}},"type":"if","locations":[{"start":{"line":260,"column":4},"end":{"line":260,"column":84}},{"start":{},"end":{}}],"line":260},"21":{"loc":{"start":{"line":292,"column":15},"end":{"line":292,"column":79}},"type":"cond-expr","locations":[{"start":{"line":292,"column":27},"end":{"line":292,"column":71}},{"start":{"line":292,"column":74},"end":{"line":292,"column":79}}],"line":292}},"s":{"0":0,"1":0,"2":0,"3":0,"4":0,"5":0,"6":0,"7":0,"8":0,"9":0,"10":0,"11":0,"12":0,"13":0,"14":0,"15":0,"16":0,"17":0,"18":0,"19":0,"20":0,"21":0,"22":0,"23":0,"24":0,"25":0,"26":0,"27":0,"28":0,"29":0,"30":0,"31":0,"32":0,"33":0,"34":0,"35":0,"36":0,"37":0,"38":0,"39":0,"40":0,"41":0,"42":0,"43":0,"44":0,"45":0,"46":0,"47":0,"48":0,"49":0,"50":0,"51":0,"52":0,"53":0,"54":0,"55":0,"56":0,"57":0,"58":0,"59":0,"60":0,"61":0,"62":0,"63":0,"64":0,"65":0,"66":0,"67":0,"68":0,"69":0,"70":0,"71":0,"72":0,"73":0,"74":0,"75":0,"76":0,"77":0,"78":0,"79":0,"80":0,"81":0,"82":0,"83":0,"84":0,"85":0,"86":0,"87":0,"88":0,"89":0,"90":0,"91":0,"92":0,"93":0,"94":0},"f":{"0":0,"1":0,"2":0,"3":0,"4":0,"5":0,"6":0,"7":0,"8":0,"9":0,"10":0,"11":0,"12":0,"13":0,"14":0,"15":0,"16":0,"17":0,"18":0,"19":0,"20":0,"21":0,"22":0,"23":0,"24":0,"25":0,"26":0},"b":{"0":[0],"1":[0,0],"2":[0,0],"3":[0,0],"4":[0],"5":[0,0],"6":[0,0],"7":[0],"8":[0,0],"9":[0,0],"10":[0,0],"11":[0,0],"12":[0,0],"13":[0,0],"14":[0,0],"15":[0,0],"16":[0,0],"17":[0,0],"18":[0,0],"19":[0,0],"20":[0,0],"21":[0,0]}}
,"D:\\hack\\freelancers-hackathon\\backend\\utils\\textChunker.js": {"path":"D:\\hack\\freelancers-hackathon\\backend\\utils\\textChunker.js","statementMap":{"0":{"start":{"line":16,"column":17},"end":{"line":16,"column":19}},"1":{"start":{"line":18,"column":2},"end":{"line":27,"column":3}},"2":{"start":{"line":20,"column":4},"end":{"line":26,"column":7}},"3":{"start":{"line":30,"column":21},"end":{"line":30,"column":40}},"4":{"start":{"line":32,"column":21},"end":{"line":32,"column":23}},"5":{"start":{"line":33,"column":19},"end":{"line":33,"column":20}},"6":{"start":{"line":34,"column":18},"end":{"line":34,"column":19}},"7":{"start":{"line":36,"column":2},"end":{"line":56,"column":3}},"8":{"start":{"line":36,"column":15},"end":{"line":36,"column":16}},"9":{"start":{"line":37,"column":22},"end":{"line":37,"column":35}},"10":{"start":{"line":38,"column":27},"end":{"line":38,"column":82}},"11":{"start":{"line":40,"column":4},"end":{"line":55,"column":5}},"12":{"start":{"line":42,"column":6},"end":{"line":48,"column":9}},"13":{"start":{"line":50,"column":6},"end":{"line":50,"column":19}},"14":{"start":{"line":51,"column":6},"end":{"line":51,"column":39}},"15":{"start":{"line":52,"column":6},"end":{"line":52,"column":31}},"16":{"start":{"line":54,"column":6},"end":{"line":54,"column":36}},"17":{"start":{"line":59,"column":2},"end":{"line":67,"column":3}},"18":{"start":{"line":60,"column":4},"end":{"line":66,"column":7}},"19":{"start":{"line":70,"column":22},"end":{"line":70,"column":35}},"20":{"start":{"line":71,"column":2},"end":{"line":73,"column":5}},"21":{"start":{"line":72,"column":4},"end":{"line":72,"column":36}},"22":{"start":{"line":75,"column":2},"end":{"line":75,"column":16}},"23":{"start":{"line":85,"column":2},"end":{"line":91,"column":3}},"24":{"start":{"line":86,"column":4},"end":{"line":90,"column":6}},"25":{"start":{"line":93,"column":2},"end":{"line":95,"column":3}},"26":{"start":{"line":94,"column":4},"end":{"line":94,"column":27}},"27":{"start":{"line":98,"column":20},"end":{"line":100,"column":17}},"28":{"start":{"line":99,"column":28},"end":{"line":99,"column":90}},"29":{"start":{"line":103,"column":23},"end":{"line":103,"column":77}},"30":{"start":{"line":103,"column":54},"end":{"line":103,"column":76}},"31":{"start":{"line":104,"column":26},"end":{"line":104,"column":52}},"32":{"start":{"line":107,"column":19},"end":{"line":113,"column":3}},"33":{"start":{"line":108,"column":4},"end":{"line":112,"column":7}},"34":{"start":{"line":108,"column":38},"end":{"line":112,"column":5}},"35":{"start":{"line":116,"column":22},"end":{"line":116,"column":24}},"36":{"start":{"line":117,"column":27},"end":{"line":117,"column":36}},"37":{"start":{"line":119,"column":2},"end":{"line":125,"column":3}},"38":{"start":{"line":120,"column":27},"end":{"line":120,"column":64}},"39":{"start":{"line":121,"column":4},"end":{"line":124,"column":5}},"40":{"start":{"line":122,"column":6},"end":{"line":122,"column":29}},"41":{"start":{"line":123,"column":6},"end":{"line":123,"column":43}},"42":{"start":{"line":127,"column":2},"end":{"line":133,"column":4}},"43":{"start":{"line":143,"column":16},"end":{"line":143,"column":40}},"44":{"start":{"line":144,"column":26},"end":{"line":144,"column":30}},"45":{"start":{"line":145,"column":17},"end":{"line":145,"column":47}},"46":{"start":{"line":146,"column":19},"end":{"line":146,"column":29}},"47":{"start":{"line":148,"column":2},"end":{"line":148,"column":55}},"48":{"start":{"line":151,"column":0},"end":{"line":155,"column":2}}},"fnMap":{"0":{"name":"chunkText","decl":{"start":{"line":15,"column":9},"end":{"line":15,"column":18}},"loc":{"start":{"line":15,"column":47},"end":{"line":76,"column":1}},"line":15},"1":{"name":"(anonymous_1)","decl":{"start":{"line":71,"column":17},"end":{"line":71,"column":18}},"loc":{"start":{"line":71,"column":26},"end":{"line":73,"column":3}},"line":71},"2":{"name":"mergeChunkResults","decl":{"start":{"line":84,"column":9},"end":{"line":84,"column":26}},"loc":{"start":{"line":84,"column":41},"end":{"line":134,"column":1}},"line":84},"3":{"name":"(anonymous_3)","decl":{"start":{"line":99,"column":9},"end":{"line":99,"column":10}},"loc":{"start":{"line":99,"column":28},"end":{"line":99,"column":90}},"line":99},"4":{"name":"(anonymous_4)","decl":{"start":{"line":103,"column":44},"end":{"line":103,"column":45}},"loc":{"start":{"line":103,"column":54},"end":{"line":103,"column":76}},"line":103},"5":{"name":"(anonymous_5)","decl":{"start":{"line":107,"column":40},"end":{"line":107,"column":41}},"loc":{"start":{"line":108,"column":4},"end":{"line":112,"column":7}},"line":108},"6":{"name":"(anonymous_6)","decl":{"start":{"line":108,"column":29},"end":{"line":108,"column":30}},"loc":{"start":{"line":108,"column":38},"end":{"line":112,"column":5}},"line":108},"7":{"name":"estimateProcessingTime","decl":{"start":{"line":142,"column":9},"end":{"line":142,"column":31}},"loc":{"start":{"line":142,"column":38},"end":{"line":149,"column":1}},"line":142}},"branchMap":{"0":{"loc":{"start":{"line":15,"column":25},"end":{"line":15,"column":45}},"type":"default-arg","locations":[{"start":{"line":15,"column":40},"end":{"line":15,"column":45}}],"line":15},"1":{"loc":{"start":{"line":18,"column":2},"end":{"line":27,"column":3}},"type":"if","locations":[{"start":{"line":18,"column":2},"end":{"line":27,"column":3}},{"start":{},"end":{}}],"line":18},"2":{"loc":{"start":{"line":38,"column":43},"end":{"line":38,"column":69}},"type":"cond-expr","locations":[{"start":{"line":38,"column":58},"end":{"line":38,"column":64}},{"start":{"line":38,"column":67},"end":{"line":38,"column":69}}],"line":38},"3":{"loc":{"start":{"line":40,"column":4},"end":{"line":55,"column":5}},"type":"if","locations":[{"start":{"line":40,"column":4},"end":{"line":55,"column":5}},{"start":{"line":53,"column":11},"end":{"line":55,"column":5}}],"line":40},"4":{"loc":{"start":{"line":40,"column":8},"end":{"line":40,"column":71}},"type":"binary-expr","locations":[{"start":{"line":40,"column":8},"end":{"line":40,"column":44}},{"start":{"line":40,"column":48},"end":{"line":40,"column":71}}],"line":40},"5":{"loc":{"start":{"line":59,"column":2},"end":{"line":67,"column":3}},"type":"if","locations":[{"start":{"line":59,"column":2},"end":{"line":67,"column":3}},{"start":{},"end":{}}],"line":59},"6":{"loc":{"start":{"line":85,"column":2},"end":{"line":91,"column":3}},"type":"if","locations":[{"start":{"line":85,"column":2},"end":{"line":91,"column":3}},{"start":{},"end":{}}],"line":85},"7":{"loc":{"start":{"line":93,"column":2},"end":{"line":95,"column":3}},"type":"if","locations":[{"start":{"line":93,"column":2},"end":{"line":95,"column":3}},{"start":{},"end":{}}],"line":93},"8":{"loc":{"start":{"line":103,"column":54},"end":{"line":103,"column":76}},"type":"binary-expr","locations":[{"start":{"line":103,"column":54},"end":{"line":103,"column":70}},{"start":{"line":103,"column":74},"end":{"line":103,"column":76}}],"line":103},"9":{"loc":{"start":{"line":108,"column":5},"end":{"line":108,"column":23}},"type":"binary-expr","locations":[{"start":{"line":108,"column":5},"end":{"line":108,"column":17}},{"start":{"line":108,"column":21},"end":{"line":108,"column":23}}],"line":108},"10":{"loc":{"start":{"line":121,"column":4},"end":{"line":124,"column":5}},"type":"if","locations":[{"start":{"line":121,"column":4},"end":{"line":124,"column":5}},{"start":{},"end":{}}],"line":121}},"s":{"0":0,"1":0,"2":0,"3":0,"4":0,"5":0,"6":0,"7":0,"8":0,"9":0,"10":0,"11":0,"12":0,"13":0,"14":0,"15":0,"16":0,"17":0,"18":0,"19":0,"20":0,"21":0,"22":0,"23":0,"24":0,"25":0,"26":0,"27":0,"28":0,"29":0,"30":0,"31":0,"32":0,"33":0,"34":0,"35":0,"36":0,"37":0,"38":0,"39":0,"40":0,"41":0,"42":0,"43":0,"44":0,"45":0,"46":0,"47":0,"48":1},"f":{"0":0,"1":0,"2":0,"3":0,"4":0,"5":0,"6":0,"7":0},"b":{"0":[0],"1":[0,0],"2":[0,0],"3":[0,0],"4":[0,0],"5":[0,0],"6":[0,0],"7":[0,0],"8":[0,0],"9":[0,0],"10":[0,0]},"_coverageSchema":"1a1c01bbd47fc00a2c39e90264f33305004495a9","hash":"b3cea93ef260815ea36ddd33e3ba66368ddc327d"}
}
